{"meta": {"format": 3, "version": "7.13.5", "timestamp": "2026-05-27T16:20:36.585695", "branch_coverage": false, "show_contexts": false}, "files": {"src/__init__.py": {"executed_lines": [], "summary": {"covered_lines": 0, "num_statements": 0, "percent_covered": 100.0, "percent_covered_display": "100", "missing_lines": 0, "excluded_lines": 0, "percent_statements_covered": 100.0, "percent_statements_covered_display": "100"}, "missing_lines": [], "excluded_lines": [], "functions": {"": {"executed_lines": [], "summary": {"covered_lines": 0, "num_statements": 0, "percent_covered": 100.0, "percent_covered_display": "100", "missing_lines": 0, "excluded_lines": 0, "percent_statements_covered": 100.0, "percent_statements_covered_display": "100"}, "missing_lines": [], "excluded_lines": [], "start_line": 1}}, "classes": {"": {"executed_lines": [], "summary": {"covered_lines": 0, "num_statements": 0, "percent_covered": 100.0, "percent_covered_display": "100", "missing_lines": 0, "excluded_lines": 0, "percent_statements_covered": 100.0, "percent_statements_covered_display": "100"}, "missing_lines": [], "excluded_lines": [], "start_line": 1}}}, "src/factory/__init__.py": {"executed_lines": [], "summary": {"covered_lines": 0, "num_statements": 0, "percent_covered": 100.0, "percent_covered_display": "100", "missing_lines": 0, "excluded_lines": 0, "percent_statements_covered": 100.0, "percent_statements_covered_display": "100"}, "missing_lines": [], "excluded_lines": [], "functions": {"": {"executed_lines": [], "summary": {"covered_lines": 0, "num_statements": 0, "percent_covered": 100.0, "percent_covered_display": "100", "missing_lines": 0, "excluded_lines": 0, "percent_statements_covered": 100.0, "percent_statements_covered_display": "100"}, "missing_lines": [], "excluded_lines": [], "start_line": 1}}, "classes": {"": {"executed_lines": [], "summary": {"covered_lines": 0, "num_statements": 0, "percent_covered": 100.0, "percent_covered_display": "100", "missing_lines": 0, "excluded_lines": 0, "percent_statements_covered": 100.0, "percent_statements_covered_display": "100"}, "missing_lines": [], "excluded_lines": [], "start_line": 1}}}, "src/factory/connection_factory.py": {"executed_lines": [28, 30, 31, 32, 33, 35, 36, 39, 47, 51, 54, 84, 101, 102, 104, 105, 106, 111, 112, 114, 116, 119, 120, 126, 127, 137, 138, 139, 140, 141, 142, 144, 145, 147, 151, 152, 153, 154, 156, 164, 174, 184, 185, 191, 199, 200], "summary": {"covered_lines": 46, "num_statements": 50, "percent_covered": 92.0, "percent_covered_display": "92", "missing_lines": 4, "excluded_lines": 0, "percent_statements_covered": 92.0, "percent_statements_covered_display": "92"}, "missing_lines": [115, 117, 146, 148], "excluded_lines": [], "functions": {"ConnectionFactory.__init__": {"executed_lines": [101, 102, 104, 105, 106, 111, 112, 114, 116, 119, 120], "summary": {"covered_lines": 11, "num_statements": 13, "percent_covered": 84.61538461538461, "percent_covered_display": "85", "missing_lines": 2, "excluded_lines": 0, "percent_statements_covered": 84.61538461538461, "percent_statements_covered_display": "85"}, "missing_lines": [115, 117], "excluded_lines": [], "start_line": 84}, "ConnectionFactory._load": {"executed_lines": [137, 138, 139, 140, 141, 142, 144, 145, 147, 151, 152, 153, 154], "summary": {"covered_lines": 13, "num_statements": 15, "percent_covered": 86.66666666666667, "percent_covered_display": "87", "missing_lines": 2, "excluded_lines": 0, "percent_statements_covered": 86.66666666666667, "percent_statements_covered_display": "87"}, "missing_lines": [146, 148], "excluded_lines": [], "start_line": 127}, "ConnectionFactory._build_url": {"executed_lines": [164], "summary": {"covered_lines": 1, "num_statements": 1, "percent_covered": 100.0, "percent_covered_display": "100", "missing_lines": 0, "excluded_lines": 0, "percent_statements_covered": 100.0, "percent_statements_covered_display": "100"}, "missing_lines": [], "excluded_lines": [], "start_line": 156}, "ConnectionFactory.create_source_engine": {"executed_lines": [184, 185], "summary": {"covered_lines": 2, "num_statements": 2, "percent_covered": 100.0, "percent_covered_display": "100", "missing_lines": 0, "excluded_lines": 0, "percent_statements_covered": 100.0, "percent_statements_covered_display": "100"}, "missing_lines": [], "excluded_lines": [], "start_line": 174}, "ConnectionFactory.create_dest_engine": {"executed_lines": [199, 200], "summary": {"covered_lines": 2, "num_statements": 2, "percent_covered": 100.0, "percent_covered_display": "100", "missing_lines": 0, "excluded_lines": 0, "percent_statements_covered": 100.0, "percent_statements_covered_display": "100"}, "missing_lines": [], "excluded_lines": [], "start_line": 191}, "": {"executed_lines": [28, 30, 31, 32, 33, 35, 36, 39, 47, 51, 54, 84, 126, 127, 156, 174, 191], "summary": {"covered_lines": 17, "num_statements": 17, "percent_covered": 100.0, "percent_covered_display": "100", "missing_lines": 0, "excluded_lines": 0, "percent_statements_covered": 100.0, "percent_statements_covered_display": "100"}, "missing_lines": [], "excluded_lines": [], "start_line": 1}}, "classes": {"ConfigError": {"executed_lines": [], "summary": {"covered_lines": 0, "num_statements": 0, "percent_covered": 100.0, "percent_covered_display": "100", "missing_lines": 0, "excluded_lines": 0, "percent_statements_covered": 100.0, "percent_statements_covered_display": "100"}, "missing_lines": [], "excluded_lines": [], "start_line": 39}, "ConnectionFactory": {"executed_lines": [101, 102, 104, 105, 106, 111, 112, 114, 116, 119, 120, 137, 138, 139, 140, 141, 142, 144, 145, 147, 151, 152, 153, 154, 164, 184, 185, 199, 200], "summary": {"covered_lines": 29, "num_statements": 33, "percent_covered": 87.87878787878788, "percent_covered_display": "88", "missing_lines": 4, "excluded_lines": 0, "percent_statements_covered": 87.87878787878788, "percent_statements_covered_display": "88"}, "missing_lines": [115, 117, 146, 148], "excluded_lines": [], "start_line": 54}, "": {"executed_lines": [28, 30, 31, 32, 33, 35, 36, 39, 47, 51, 54, 84, 126, 127, 156, 174, 191], "summary": {"covered_lines": 17, "num_statements": 17, "percent_covered": 100.0, "percent_covered_display": "100", "missing_lines": 0, "excluded_lines": 0, "percent_statements_covered": 100.0, "percent_statements_covered_display": "100"}, "missing_lines": [], "excluded_lines": [], "start_line": 1}}}, "src/migrators/__init__.py": {"executed_lines": [], "summary": {"covered_lines": 0, "num_statements": 0, "percent_covered": 100.0, "percent_covered_display": "100", "missing_lines": 0, "excluded_lines": 0, "percent_statements_covered": 100.0, "percent_statements_covered_display": "100"}, "missing_lines": [], "excluded_lines": [], "functions": {"": {"executed_lines": [], "summary": {"covered_lines": 0, "num_statements": 0, "percent_covered": 100.0, "percent_covered_display": "100", "missing_lines": 0, "excluded_lines": 0, "percent_statements_covered": 100.0, "percent_statements_covered_display": "100"}, "missing_lines": [], "excluded_lines": [], "start_line": 1}}, "classes": {"": {"executed_lines": [], "summary": {"covered_lines": 0, "num_statements": 0, "percent_covered": 100.0, "percent_covered_display": "100", "missing_lines": 0, "excluded_lines": 0, "percent_statements_covered": 100.0, "percent_statements_covered_display": "100"}, "missing_lines": [], "excluded_lines": [], "start_line": 1}}}, "src/migrators/accounts_migrator.py": {"executed_lines": [9, 11, 12, 14, 15, 18, 34, 42, 43, 44, 50, 51, 52, 70, 72, 80, 81, 87, 88, 89, 90, 91, 92, 93, 94, 96, 97, 98, 99, 100, 106, 113, 121, 126, 128, 129, 133, 135, 140, 146, 154], "summary": {"covered_lines": 41, "num_statements": 49, "percent_covered": 83.6734693877551, "percent_covered_display": "84", "missing_lines": 8, "excluded_lines": 0, "percent_statements_covered": 83.6734693877551, "percent_statements_covered_display": "84"}, "missing_lines": [58, 59, 62, 63, 152, 160, 161, 167], "excluded_lines": [], "functions": {"AccountsMigrator.migrate": {"executed_lines": [42, 43, 44, 50, 51, 52, 70, 72, 80, 81, 87, 88, 89, 90, 91, 92, 93, 94, 96, 97, 98, 99, 100, 106, 113, 126, 128, 129, 133, 135, 140], "summary": {"covered_lines": 31, "num_statements": 35, "percent_covered": 88.57142857142857, "percent_covered_display": "89", "missing_lines": 4, "excluded_lines": 0, "percent_statements_covered": 88.57142857142857, "percent_statements_covered_display": "89"}, "missing_lines": [58, 59, 62, 63], "excluded_lines": [], "start_line": 34}, "AccountsMigrator.migrate.remap_fn": {"executed_lines": [121], "summary": {"covered_lines": 1, "num_statements": 1, "percent_covered": 100.0, "percent_covered_display": "100", "missing_lines": 0, "excluded_lines": 0, "percent_statements_covered": 100.0, "percent_statements_covered_display": "100"}, "missing_lines": [], "excluded_lines": [], "start_line": 113}, "AccountsMigrator._table_name": {"executed_lines": [], "summary": {"covered_lines": 0, "num_statements": 1, "percent_covered": 0.0, "percent_covered_display": "0", "missing_lines": 1, "excluded_lines": 0, "percent_statements_covered": 0.0, "percent_statements_covered_display": "0"}, "missing_lines": [152], "excluded_lines": [], "start_line": 146}, "AccountsMigrator._fetch_all_source_rows": {"executed_lines": [], "summary": {"covered_lines": 0, "num_statements": 3, "percent_covered": 0.0, "percent_covered_display": "0", "missing_lines": 3, "excluded_lines": 0, "percent_statements_covered": 0.0, "percent_statements_covered_display": "0"}, "missing_lines": [160, 161, 167], "excluded_lines": [], "start_line": 154}, "": {"executed_lines": [9, 11, 12, 14, 15, 18, 34, 146, 154], "summary": {"covered_lines": 9, "num_statements": 9, "percent_covered": 100.0, "percent_covered_display": "100", "missing_lines": 0, "excluded_lines": 0, "percent_statements_covered": 100.0, "percent_statements_covered_display": "100"}, "missing_lines": [], "excluded_lines": [], "start_line": 1}}, "classes": {"AccountsMigrator": {"executed_lines": [42, 43, 44, 50, 51, 52, 70, 72, 80, 81, 87, 88, 89, 90, 91, 92, 93, 94, 96, 97, 98, 99, 100, 106, 113, 121, 126, 128, 129, 133, 135, 140], "summary": {"covered_lines": 32, "num_statements": 40, "percent_covered": 80.0, "percent_covered_display": "80", "missing_lines": 8, "excluded_lines": 0, "percent_statements_covered": 80.0, "percent_statements_covered_display": "80"}, "missing_lines": [58, 59, 62, 63, 152, 160, 161, 167], "excluded_lines": [], "start_line": 18}, "": {"executed_lines": [9, 11, 12, 14, 15, 18, 34, 146, 154], "summary": {"covered_lines": 9, "num_statements": 9, "percent_covered": 100.0, "percent_covered_display": "100", "missing_lines": 0, "excluded_lines": 0, "percent_statements_covered": 100.0, "percent_statements_covered_display": "100"}, "missing_lines": [], "excluded_lines": [], "start_line": 1}}}, "src/migrators/active_storage_attachments_migrator.py": {"executed_lines": [21, 23, 24, 26, 27, 30, 48, 58, 254, 260, 262, 272], "summary": {"covered_lines": 12, "num_statements": 110, "percent_covered": 10.909090909090908, "percent_covered_display": "11", "missing_lines": 98, "excluded_lines": 0, "percent_statements_covered": 10.909090909090908, "percent_statements_covered_display": "11"}, "missing_lines": [64, 65, 66, 67, 68, 69, 72, 73, 76, 81, 85, 86, 87, 88, 89, 90, 92, 100, 102, 106, 107, 108, 110, 117, 118, 119, 121, 127, 128, 129, 130, 131, 132, 133, 135, 136, 138, 139, 140, 142, 143, 144, 146, 147, 148, 150, 151, 153, 154, 155, 159, 160, 162, 167, 175, 176, 177, 178, 181, 182, 187, 190, 192, 193, 198, 201, 203, 204, 210, 213, 214, 221, 223, 224, 225, 228, 229, 232, 240, 242, 248, 268, 269, 270, 288, 290, 291, 292, 297, 298, 299, 301, 302, 307, 308, 313, 314, 319], "excluded_lines": [], "functions": {"ActiveStorageAttachmentsMigrator.migrate": {"executed_lines": [], "summary": {"covered_lines": 0, "num_statements": 57, "percent_covered": 0.0, "percent_covered_display": "0", "missing_lines": 57, "excluded_lines": 0, "percent_statements_covered": 0.0, "percent_statements_covered_display": "0"}, "missing_lines": [64, 65, 66, 67, 68, 69, 72, 73, 76, 81, 85, 86, 87, 88, 89, 90, 92, 100, 102, 106, 107, 108, 110, 117, 118, 119, 121, 127, 128, 129, 130, 131, 132, 133, 135, 136, 138, 139, 140, 142, 143, 144, 146, 147, 148, 150, 151, 153, 154, 155, 159, 160, 162, 167, 240, 242, 248], "excluded_lines": [], "start_line": 58}, "ActiveStorageAttachmentsMigrator.migrate.remap_fn": {"executed_lines": [], "summary": {"covered_lines": 0, "num_statements": 24, "percent_covered": 0.0, "percent_covered_display": "0", "missing_lines": 24, "excluded_lines": 0, "percent_statements_covered": 0.0, "percent_statements_covered_display": "0"}, "missing_lines": [175, 176, 177, 178, 181, 182, 187, 190, 192, 193, 198, 201, 203, 204, 210, 213, 214, 221, 223, 224, 225, 228, 229, 232], "excluded_lines": [], "start_line": 167}, "ActiveStorageAttachmentsMigrator._table_name": {"executed_lines": [260], "summary": {"covered_lines": 1, "num_statements": 1, "percent_covered": 100.0, "percent_covered_display": "100", "missing_lines": 0, "excluded_lines": 0, "percent_statements_covered": 100.0, "percent_statements_covered_display": "100"}, "missing_lines": [], "excluded_lines": [], "start_line": 254}, "ActiveStorageAttachmentsMigrator._fetch_all_source_rows": {"executed_lines": [], "summary": {"covered_lines": 0, "num_statements": 3, "percent_covered": 0.0, "percent_covered_display": "0", "missing_lines": 3, "excluded_lines": 0, "percent_statements_covered": 0.0, "percent_statements_covered_display": "0"}, "missing_lines": [268, 269, 270], "excluded_lines": [], "start_line": 262}, "ActiveStorageAttachmentsMigrator._classify_row_poc": {"executed_lines": [], "summary": {"covered_lines": 0, "num_statements": 14, "percent_covered": 0.0, "percent_covered_display": "0", "missing_lines": 14, "excluded_lines": 0, "percent_statements_covered": 0.0, "percent_statements_covered_display": "0"}, "missing_lines": [288, 290, 291, 292, 297, 298, 299, 301, 302, 307, 308, 313, 314, 319], "excluded_lines": [], "start_line": 272}, "": {"executed_lines": [21, 23, 24, 26, 27, 30, 48, 58, 254, 262, 272], "summary": {"covered_lines": 11, "num_statements": 11, "percent_covered": 100.0, "percent_covered_display": "100", "missing_lines": 0, "excluded_lines": 0, "percent_statements_covered": 100.0, "percent_statements_covered_display": "100"}, "missing_lines": [], "excluded_lines": [], "start_line": 1}}, "classes": {"ActiveStorageAttachmentsMigrator": {"executed_lines": [260], "summary": {"covered_lines": 1, "num_statements": 99, "percent_covered": 1.0101010101010102, "percent_covered_display": "1", "missing_lines": 98, "excluded_lines": 0, "percent_statements_covered": 1.0101010101010102, "percent_statements_covered_display": "1"}, "missing_lines": [64, 65, 66, 67, 68, 69, 72, 73, 76, 81, 85, 86, 87, 88, 89, 90, 92, 100, 102, 106, 107, 108, 110, 117, 118, 119, 121, 127, 128, 129, 130, 131, 132, 133, 135, 136, 138, 139, 140, 142, 143, 144, 146, 147, 148, 150, 151, 153, 154, 155, 159, 160, 162, 167, 175, 176, 177, 178, 181, 182, 187, 190, 192, 193, 198, 201, 203, 204, 210, 213, 214, 221, 223, 224, 225, 228, 229, 232, 240, 242, 248, 268, 269, 270, 288, 290, 291, 292, 297, 298, 299, 301, 302, 307, 308, 313, 314, 319], "excluded_lines": [], "start_line": 30}, "": {"executed_lines": [21, 23, 24, 26, 27, 30, 48, 58, 254, 262, 272], "summary": {"covered_lines": 11, "num_statements": 11, "percent_covered": 100.0, "percent_covered_display": "100", "missing_lines": 0, "excluded_lines": 0, "percent_statements_covered": 100.0, "percent_statements_covered_display": "100"}, "missing_lines": [], "excluded_lines": [], "start_line": 1}}}, "src/migrators/active_storage_blobs_migrator.py": {"executed_lines": [16, 18, 19, 21, 22, 25, 43, 148, 154, 156, 166], "summary": {"covered_lines": 11, "num_statements": 58, "percent_covered": 18.96551724137931, "percent_covered_display": "19", "missing_lines": 47, "excluded_lines": 0, "percent_statements_covered": 18.96551724137931, "percent_statements_covered_display": "19"}, "missing_lines": [49, 50, 51, 52, 53, 54, 55, 56, 59, 60, 62, 64, 67, 68, 69, 71, 72, 73, 75, 80, 81, 82, 83, 85, 87, 88, 90, 98, 99, 100, 103, 104, 106, 111, 119, 120, 123, 124, 126, 134, 136, 142, 162, 163, 164, 182, 184], "excluded_lines": [], "functions": {"ActiveStorageBlobsMigrator.migrate": {"executed_lines": [], "summary": {"covered_lines": 0, "num_statements": 37, "percent_covered": 0.0, "percent_covered_display": "0", "missing_lines": 37, "excluded_lines": 0, "percent_statements_covered": 0.0, "percent_statements_covered_display": "0"}, "missing_lines": [49, 50, 51, 52, 53, 54, 55, 56, 59, 60, 62, 64, 67, 68, 69, 71, 72, 73, 75, 80, 81, 82, 83, 85, 87, 88, 90, 98, 99, 100, 103, 104, 106, 111, 134, 136, 142], "excluded_lines": [], "start_line": 43}, "ActiveStorageBlobsMigrator.migrate.remap_fn": {"executed_lines": [], "summary": {"covered_lines": 0, "num_statements": 5, "percent_covered": 0.0, "percent_covered_display": "0", "missing_lines": 5, "excluded_lines": 0, "percent_statements_covered": 0.0, "percent_statements_covered_display": "0"}, "missing_lines": [119, 120, 123, 124, 126], "excluded_lines": [], "start_line": 111}, "ActiveStorageBlobsMigrator._table_name": {"executed_lines": [154], "summary": {"covered_lines": 1, "num_statements": 1, "percent_covered": 100.0, "percent_covered_display": "100", "missing_lines": 0, "excluded_lines": 0, "percent_statements_covered": 100.0, "percent_statements_covered_display": "100"}, "missing_lines": [], "excluded_lines": [], "start_line": 148}, "ActiveStorageBlobsMigrator._fetch_all_source_rows": {"executed_lines": [], "summary": {"covered_lines": 0, "num_statements": 3, "percent_covered": 0.0, "percent_covered_display": "0", "missing_lines": 3, "excluded_lines": 0, "percent_statements_covered": 0.0, "percent_statements_covered_display": "0"}, "missing_lines": [162, 163, 164], "excluded_lines": [], "start_line": 156}, "ActiveStorageBlobsMigrator._classify_row_poc": {"executed_lines": [], "summary": {"covered_lines": 0, "num_statements": 2, "percent_covered": 0.0, "percent_covered_display": "0", "missing_lines": 2, "excluded_lines": 0, "percent_statements_covered": 0.0, "percent_statements_covered_display": "0"}, "missing_lines": [182, 184], "excluded_lines": [], "start_line": 166}, "": {"executed_lines": [16, 18, 19, 21, 22, 25, 43, 148, 156, 166], "summary": {"covered_lines": 10, "num_statements": 10, "percent_covered": 100.0, "percent_covered_display": "100", "missing_lines": 0, "excluded_lines": 0, "percent_statements_covered": 100.0, "percent_statements_covered_display": "100"}, "missing_lines": [], "excluded_lines": [], "start_line": 1}}, "classes": {"ActiveStorageBlobsMigrator": {"executed_lines": [154], "summary": {"covered_lines": 1, "num_statements": 48, "percent_covered": 2.0833333333333335, "percent_covered_display": "2", "missing_lines": 47, "excluded_lines": 0, "percent_statements_covered": 2.0833333333333335, "percent_statements_covered_display": "2"}, "missing_lines": [49, 50, 51, 52, 53, 54, 55, 56, 59, 60, 62, 64, 67, 68, 69, 71, 72, 73, 75, 80, 81, 82, 83, 85, 87, 88, 90, 98, 99, 100, 103, 104, 106, 111, 119, 120, 123, 124, 126, 134, 136, 142, 162, 163, 164, 182, 184], "excluded_lines": [], "start_line": 25}, "": {"executed_lines": [16, 18, 19, 21, 22, 25, 43, 148, 156, 166], "summary": {"covered_lines": 10, "num_statements": 10, "percent_covered": 100.0, "percent_covered_display": "100", "missing_lines": 0, "excluded_lines": 0, "percent_statements_covered": 100.0, "percent_statements_covered_display": "100"}, "missing_lines": [], "excluded_lines": [], "start_line": 1}}}, "src/migrators/active_storage_variant_records_migrator.py": {"executed_lines": [12, 14, 15, 17, 18, 21, 38, 185, 191, 193, 205], "summary": {"covered_lines": 11, "num_statements": 75, "percent_covered": 14.666666666666666, "percent_covered_display": "15", "missing_lines": 64, "excluded_lines": 0, "percent_statements_covered": 14.666666666666666, "percent_statements_covered_display": "15"}, "missing_lines": [44, 45, 46, 49, 50, 51, 54, 55, 58, 63, 67, 68, 70, 72, 76, 77, 78, 80, 83, 84, 85, 87, 93, 94, 95, 96, 97, 100, 101, 104, 105, 107, 108, 109, 111, 120, 121, 122, 127, 128, 130, 135, 143, 144, 147, 148, 153, 156, 157, 158, 160, 162, 164, 171, 173, 179, 199, 200, 203, 221, 223, 224, 225, 230], "excluded_lines": [], "functions": {"ActiveStorageVariantRecordsMigrator.migrate": {"executed_lines": [], "summary": {"covered_lines": 0, "num_statements": 45, "percent_covered": 0.0, "percent_covered_display": "0", "missing_lines": 45, "excluded_lines": 0, "percent_statements_covered": 0.0, "percent_statements_covered_display": "0"}, "missing_lines": [44, 45, 46, 49, 50, 51, 54, 55, 58, 63, 67, 68, 70, 72, 76, 77, 78, 80, 83, 84, 85, 87, 93, 94, 95, 96, 97, 100, 101, 104, 105, 107, 108, 109, 111, 120, 121, 122, 127, 128, 130, 135, 171, 173, 179], "excluded_lines": [], "start_line": 38}, "ActiveStorageVariantRecordsMigrator.migrate.remap_fn": {"executed_lines": [], "summary": {"covered_lines": 0, "num_statements": 11, "percent_covered": 0.0, "percent_covered_display": "0", "missing_lines": 11, "excluded_lines": 0, "percent_statements_covered": 0.0, "percent_statements_covered_display": "0"}, "missing_lines": [143, 144, 147, 148, 153, 156, 157, 158, 160, 162, 164], "excluded_lines": [], "start_line": 135}, "ActiveStorageVariantRecordsMigrator._table_name": {"executed_lines": [191], "summary": {"covered_lines": 1, "num_statements": 1, "percent_covered": 100.0, "percent_covered_display": "100", "missing_lines": 0, "excluded_lines": 0, "percent_statements_covered": 100.0, "percent_statements_covered_display": "100"}, "missing_lines": [], "excluded_lines": [], "start_line": 185}, "ActiveStorageVariantRecordsMigrator._fetch_all_source_rows": {"executed_lines": [], "summary": {"covered_lines": 0, "num_statements": 3, "percent_covered": 0.0, "percent_covered_display": "0", "missing_lines": 3, "excluded_lines": 0, "percent_statements_covered": 0.0, "percent_statements_covered_display": "0"}, "missing_lines": [199, 200, 203], "excluded_lines": [], "start_line": 193}, "ActiveStorageVariantRecordsMigrator._classify_row_poc": {"executed_lines": [], "summary": {"covered_lines": 0, "num_statements": 5, "percent_covered": 0.0, "percent_covered_display": "0", "missing_lines": 5, "excluded_lines": 0, "percent_statements_covered": 0.0, "percent_statements_covered_display": "0"}, "missing_lines": [221, 223, 224, 225, 230], "excluded_lines": [], "start_line": 205}, "": {"executed_lines": [12, 14, 15, 17, 18, 21, 38, 185, 193, 205], "summary": {"covered_lines": 10, "num_statements": 10, "percent_covered": 100.0, "percent_covered_display": "100", "missing_lines": 0, "excluded_lines": 0, "percent_statements_covered": 100.0, "percent_statements_covered_display": "100"}, "missing_lines": [], "excluded_lines": [], "start_line": 1}}, "classes": {"ActiveStorageVariantRecordsMigrator": {"executed_lines": [191], "summary": {"covered_lines": 1, "num_statements": 65, "percent_covered": 1.5384615384615385, "percent_covered_display": "2", "missing_lines": 64, "excluded_lines": 0, "percent_statements_covered": 1.5384615384615385, "percent_statements_covered_display": "2"}, "missing_lines": [44, 45, 46, 49, 50, 51, 54, 55, 58, 63, 67, 68, 70, 72, 76, 77, 78, 80, 83, 84, 85, 87, 93, 94, 95, 96, 97, 100, 101, 104, 105, 107, 108, 109, 111, 120, 121, 122, 127, 128, 130, 135, 143, 144, 147, 148, 153, 156, 157, 158, 160, 162, 164, 171, 173, 179, 199, 200, 203, 221, 223, 224, 225, 230], "excluded_lines": [], "start_line": 21}, "": {"executed_lines": [12, 14, 15, 17, 18, 21, 38, 185, 193, 205], "summary": {"covered_lines": 10, "num_statements": 10, "percent_covered": 100.0, "percent_covered_display": "100", "missing_lines": 0, "excluded_lines": 0, "percent_statements_covered": 100.0, "percent_statements_covered_display": "100"}, "missing_lines": [], "excluded_lines": [], "start_line": 1}}}, "src/migrators/attachments_migrator.py": {"executed_lines": [14, 16, 17, 19, 20, 23, 41, 47, 48, 49, 50, 51, 52, 60, 61, 62, 64, 66, 68, 76, 77, 78, 80, 81, 86, 88, 89, 94, 96, 104, 106, 112, 118, 126, 136], "summary": {"covered_lines": 35, "num_statements": 51, "percent_covered": 68.62745098039215, "percent_covered_display": "69", "missing_lines": 16, "excluded_lines": 0, "percent_statements_covered": 68.62745098039215, "percent_statements_covered_display": "69"}, "missing_lines": [53, 54, 57, 58, 124, 132, 133, 134, 152, 154, 155, 156, 160, 161, 162, 166], "excluded_lines": [], "functions": {"AttachmentsMigrator.migrate": {"executed_lines": [47, 48, 49, 50, 51, 52, 60, 61, 62, 64, 66, 68, 104, 106, 112], "summary": {"covered_lines": 15, "num_statements": 19, "percent_covered": 78.94736842105263, "percent_covered_display": "79", "missing_lines": 4, "excluded_lines": 0, "percent_statements_covered": 78.94736842105263, "percent_statements_covered_display": "79"}, "missing_lines": [53, 54, 57, 58], "excluded_lines": [], "start_line": 41}, "AttachmentsMigrator.migrate.remap_fn": {"executed_lines": [76, 77, 78, 80, 81, 86, 88, 89, 94, 96], "summary": {"covered_lines": 10, "num_statements": 10, "percent_covered": 100.0, "percent_covered_display": "100", "missing_lines": 0, "excluded_lines": 0, "percent_statements_covered": 100.0, "percent_statements_covered_display": "100"}, "missing_lines": [], "excluded_lines": [], "start_line": 68}, "AttachmentsMigrator._table_name": {"executed_lines": [], "summary": {"covered_lines": 0, "num_statements": 1, "percent_covered": 0.0, "percent_covered_display": "0", "missing_lines": 1, "excluded_lines": 0, "percent_statements_covered": 0.0, "percent_statements_covered_display": "0"}, "missing_lines": [124], "excluded_lines": [], "start_line": 118}, "AttachmentsMigrator._fetch_all_source_rows": {"executed_lines": [], "summary": {"covered_lines": 0, "num_statements": 3, "percent_covered": 0.0, "percent_covered_display": "0", "missing_lines": 3, "excluded_lines": 0, "percent_statements_covered": 0.0, "percent_statements_covered_display": "0"}, "missing_lines": [132, 133, 134], "excluded_lines": [], "start_line": 126}, "AttachmentsMigrator._classify_row_poc": {"executed_lines": [], "summary": {"covered_lines": 0, "num_statements": 8, "percent_covered": 0.0, "percent_covered_display": "0", "missing_lines": 8, "excluded_lines": 0, "percent_statements_covered": 0.0, "percent_statements_covered_display": "0"}, "missing_lines": [152, 154, 155, 156, 160, 161, 162, 166], "excluded_lines": [], "start_line": 136}, "": {"executed_lines": [14, 16, 17, 19, 20, 23, 41, 118, 126, 136], "summary": {"covered_lines": 10, "num_statements": 10, "percent_covered": 100.0, "percent_covered_display": "100", "missing_lines": 0, "excluded_lines": 0, "percent_statements_covered": 100.0, "percent_statements_covered_display": "100"}, "missing_lines": [], "excluded_lines": [], "start_line": 1}}, "classes": {"AttachmentsMigrator": {"executed_lines": [47, 48, 49, 50, 51, 52, 60, 61, 62, 64, 66, 68, 76, 77, 78, 80, 81, 86, 88, 89, 94, 96, 104, 106, 112], "summary": {"covered_lines": 25, "num_statements": 41, "percent_covered": 60.97560975609756, "percent_covered_display": "61", "missing_lines": 16, "excluded_lines": 0, "percent_statements_covered": 60.97560975609756, "percent_statements_covered_display": "61"}, "missing_lines": [53, 54, 57, 58, 124, 132, 133, 134, 152, 154, 155, 156, 160, 161, 162, 166], "excluded_lines": [], "start_line": 23}, "": {"executed_lines": [14, 16, 17, 19, 20, 23, 41, 118, 126, 136], "summary": {"covered_lines": 10, "num_statements": 10, "percent_covered": 100.0, "percent_covered_display": "100", "missing_lines": 0, "excluded_lines": 0, "percent_statements_covered": 100.0, "percent_statements_covered_display": "100"}, "missing_lines": [], "excluded_lines": [], "start_line": 1}}}, "src/migrators/base_migrator.py": {"executed_lines": [30, 32, 33, 34, 35, 37, 38, 40, 41, 42, 43, 45, 48, 49, 59, 60, 61, 62, 63, 66, 81, 99, 100, 101, 102, 103, 104, 105, 107, 119, 120, 125, 126, 128, 129, 138, 139, 148, 149, 158, 188, 204, 270, 300, 301, 302, 303, 305, 306, 309, 313, 314, 315, 316, 323, 324, 335, 336, 337, 338, 339, 340, 341, 342, 344, 345, 350, 351, 353, 354, 356, 357, 359, 360, 361, 362, 363, 371, 372, 373, 381, 383, 384, 385, 386, 387, 401, 410], "summary": {"covered_lines": 88, "num_statements": 109, "percent_covered": 80.73394495412845, "percent_covered_display": "81", "missing_lines": 21, "excluded_lines": 0, "percent_statements_covered": 80.73394495412845, "percent_statements_covered_display": "81"}, "missing_lines": [121, 122, 123, 124, 185, 186, 199, 241, 242, 243, 245, 246, 247, 248, 249, 251, 253, 262, 268, 393, 394], "excluded_lines": [], "functions": {"BaseMigrator.__init__": {"executed_lines": [99, 100, 101, 102, 103, 104, 105], "summary": {"covered_lines": 7, "num_statements": 7, "percent_covered": 100.0, "percent_covered_display": "100", "missing_lines": 0, "excluded_lines": 0, "percent_statements_covered": 100.0, "percent_statements_covered_display": "100"}, "missing_lines": [], "excluded_lines": [], "start_line": 81}, "BaseMigrator._select_source_rows": {"executed_lines": [119, 120, 125, 126], "summary": {"covered_lines": 4, "num_statements": 8, "percent_covered": 50.0, "percent_covered_display": "50", "missing_lines": 4, "excluded_lines": 0, "percent_statements_covered": 50.0, "percent_statements_covered_display": "50"}, "missing_lines": [121, 122, 123, 124], "excluded_lines": [], "start_line": 107}, "BaseMigrator.migrate": {"executed_lines": [], "summary": {"covered_lines": 0, "num_statements": 0, "percent_covered": 100.0, "percent_covered_display": "100", "missing_lines": 0, "excluded_lines": 0, "percent_statements_covered": 100.0, "percent_statements_covered_display": "100"}, "missing_lines": [], "excluded_lines": [], "start_line": 129}, "BaseMigrator._table_name": {"executed_lines": [], "summary": {"covered_lines": 0, "num_statements": 0, "percent_covered": 100.0, "percent_covered_display": "100", "missing_lines": 0, "excluded_lines": 0, "percent_statements_covered": 100.0, "percent_statements_covered_display": "100"}, "missing_lines": [], "excluded_lines": [], "start_line": 139}, "BaseMigrator._fetch_all_source_rows": {"executed_lines": [], "summary": {"covered_lines": 0, "num_statements": 0, "percent_covered": 100.0, "percent_covered_display": "100", "missing_lines": 0, "excluded_lines": 0, "percent_statements_covered": 100.0, "percent_statements_covered_display": "100"}, "missing_lines": [], "excluded_lines": [], "start_line": 149}, "BaseMigrator._classify_row_poc": {"executed_lines": [], "summary": {"covered_lines": 0, "num_statements": 2, "percent_covered": 0.0, "percent_covered_display": "0", "missing_lines": 2, "excluded_lines": 0, "percent_statements_covered": 0.0, "percent_statements_covered_display": "0"}, "missing_lines": [185, 186], "excluded_lines": [], "start_line": 158}, "BaseMigrator._poc_safe_preview": {"executed_lines": [], "summary": {"covered_lines": 0, "num_statements": 1, "percent_covered": 0.0, "percent_covered_display": "0", "missing_lines": 1, "excluded_lines": 0, "percent_statements_covered": 0.0, "percent_statements_covered_display": "0"}, "missing_lines": [199], "excluded_lines": [], "start_line": 188}, "BaseMigrator.poc_classify": {"executed_lines": [], "summary": {"covered_lines": 0, "num_statements": 12, "percent_covered": 0.0, "percent_covered_display": "0", "missing_lines": 12, "excluded_lines": 0, "percent_statements_covered": 0.0, "percent_statements_covered_display": "0"}, "missing_lines": [241, 242, 243, 245, 246, 247, 248, 249, 251, 253, 262, 268], "excluded_lines": [], "start_line": 204}, "BaseMigrator._run_batches": {"executed_lines": [300, 301, 302, 303, 305, 306, 309, 313, 314, 315, 316, 323, 324, 335, 336, 337, 338, 339, 340, 341, 342, 344, 345, 350, 351, 353, 354, 356, 357, 359, 360, 361, 362, 363, 371, 372, 373, 381, 383, 384, 385, 386, 387, 401, 410], "summary": {"covered_lines": 45, "num_statements": 47, "percent_covered": 95.74468085106383, "percent_covered_display": "96", "missing_lines": 2, "excluded_lines": 0, "percent_statements_covered": 95.74468085106383, "percent_statements_covered_display": "96"}, "missing_lines": [393, 394], "excluded_lines": [], "start_line": 270}, "": {"executed_lines": [30, 32, 33, 34, 35, 37, 38, 40, 41, 42, 43, 45, 48, 49, 59, 60, 61, 62, 63, 66, 81, 107, 128, 129, 138, 139, 148, 149, 158, 188, 204, 270], "summary": {"covered_lines": 32, "num_statements": 32, "percent_covered": 100.0, "percent_covered_display": "100", "missing_lines": 0, "excluded_lines": 0, "percent_statements_covered": 100.0, "percent_statements_covered_display": "100"}, "missing_lines": [], "excluded_lines": [], "start_line": 1}}, "classes": {"MigrationResult": {"executed_lines": [], "summary": {"covered_lines": 0, "num_statements": 0, "percent_covered": 100.0, "percent_covered_display": "100", "missing_lines": 0, "excluded_lines": 0, "percent_statements_covered": 100.0, "percent_statements_covered_display": "100"}, "missing_lines": [], "excluded_lines": [], "start_line": 49}, "BaseMigrator": {"executed_lines": [99, 100, 101, 102, 103, 104, 105, 119, 120, 125, 126, 300, 301, 302, 303, 305, 306, 309, 313, 314, 315, 316, 323, 324, 335, 336, 337, 338, 339, 340, 341, 342, 344, 345, 350, 351, 353, 354, 356, 357, 359, 360, 361, 362, 363, 371, 372, 373, 381, 383, 384, 385, 386, 387, 401, 410], "summary": {"covered_lines": 56, "num_statements": 77, "percent_covered": 72.72727272727273, "percent_covered_display": "73", "missing_lines": 21, "excluded_lines": 0, "percent_statements_covered": 72.72727272727273, "percent_statements_covered_display": "73"}, "missing_lines": [121, 122, 123, 124, 185, 186, 199, 241, 242, 243, 245, 246, 247, 248, 249, 251, 253, 262, 268, 393, 394], "excluded_lines": [], "start_line": 66}, "": {"executed_lines": [30, 32, 33, 34, 35, 37, 38, 40, 41, 42, 43, 45, 48, 49, 59, 60, 61, 62, 63, 66, 81, 107, 128, 129, 138, 139, 148, 149, 158, 188, 204, 270], "summary": {"covered_lines": 32, "num_statements": 32, "percent_covered": 100.0, "percent_covered_display": "100", "missing_lines": 0, "excluded_lines": 0, "percent_statements_covered": 100.0, "percent_statements_covered_display": "100"}, "missing_lines": [], "excluded_lines": [], "start_line": 1}}}, "src/migrators/canned_responses_migrator.py": {"executed_lines": [9, 11, 12, 14, 15, 18, 33, 39, 40, 41, 42, 43, 44, 45, 46, 49, 50, 52, 53, 55, 57, 60, 65, 66, 67, 68, 69, 70, 78, 79, 81, 82, 83, 84, 86, 87, 88, 89, 90, 91, 92, 93, 95, 96, 97, 98, 99, 102, 108, 116, 117, 118, 123, 124, 130, 132, 138, 144, 147, 152, 157, 159, 160, 164], "summary": {"covered_lines": 64, "num_statements": 69, "percent_covered": 92.7536231884058, "percent_covered_display": "93", "missing_lines": 5, "excluded_lines": 0, "percent_statements_covered": 92.7536231884058, "percent_statements_covered_display": "93"}, "missing_lines": [85, 145, 148, 149, 150], "excluded_lines": [], "functions": {"CannedResponsesMigrator.migrate": {"executed_lines": [39, 40, 41, 42, 43, 44, 45, 46, 49, 50, 52, 53, 55, 57, 60, 65, 66, 67, 68, 69, 70, 78, 79, 81, 82, 83, 84, 86, 87, 88, 89, 90, 91, 92, 93, 95, 96, 97, 98, 99, 102, 108, 130, 132, 138], "summary": {"covered_lines": 45, "num_statements": 46, "percent_covered": 97.82608695652173, "percent_covered_display": "98", "missing_lines": 1, "excluded_lines": 0, "percent_statements_covered": 97.82608695652173, "percent_statements_covered_display": "98"}, "missing_lines": [85], "excluded_lines": [], "start_line": 33}, "CannedResponsesMigrator.migrate.remap_fn": {"executed_lines": [116, 117, 118, 123, 124], "summary": {"covered_lines": 5, "num_statements": 5, "percent_covered": 100.0, "percent_covered_display": "100", "missing_lines": 0, "excluded_lines": 0, "percent_statements_covered": 100.0, "percent_statements_covered_display": "100"}, "missing_lines": [], "excluded_lines": [], "start_line": 108}, "CannedResponsesMigrator._table_name": {"executed_lines": [], "summary": {"covered_lines": 0, "num_statements": 1, "percent_covered": 0.0, "percent_covered_display": "0", "missing_lines": 1, "excluded_lines": 0, "percent_statements_covered": 0.0, "percent_statements_covered_display": "0"}, "missing_lines": [145], "excluded_lines": [], "start_line": 144}, "CannedResponsesMigrator._fetch_all_source_rows": {"executed_lines": [], "summary": {"covered_lines": 0, "num_statements": 3, "percent_covered": 0.0, "percent_covered_display": "0", "missing_lines": 3, "excluded_lines": 0, "percent_statements_covered": 0.0, "percent_statements_covered_display": "0"}, "missing_lines": [148, 149, 150], "excluded_lines": [], "start_line": 147}, "CannedResponsesMigrator._classify_row_poc": {"executed_lines": [157, 159, 160, 164], "summary": {"covered_lines": 4, "num_statements": 4, "percent_covered": 100.0, "percent_covered_display": "100", "missing_lines": 0, "excluded_lines": 0, "percent_statements_covered": 100.0, "percent_statements_covered_display": "100"}, "missing_lines": [], "excluded_lines": [], "start_line": 152}, "": {"executed_lines": [9, 11, 12, 14, 15, 18, 33, 144, 147, 152], "summary": {"covered_lines": 10, "num_statements": 10, "percent_covered": 100.0, "percent_covered_display": "100", "missing_lines": 0, "excluded_lines": 0, "percent_statements_covered": 100.0, "percent_statements_covered_display": "100"}, "missing_lines": [], "excluded_lines": [], "start_line": 1}}, "classes": {"CannedResponsesMigrator": {"executed_lines": [39, 40, 41, 42, 43, 44, 45, 46, 49, 50, 52, 53, 55, 57, 60, 65, 66, 67, 68, 69, 70, 78, 79, 81, 82, 83, 84, 86, 87, 88, 89, 90, 91, 92, 93, 95, 96, 97, 98, 99, 102, 108, 116, 117, 118, 123, 124, 130, 132, 138, 157, 159, 160, 164], "summary": {"covered_lines": 54, "num_statements": 59, "percent_covered": 91.52542372881356, "percent_covered_display": "92", "missing_lines": 5, "excluded_lines": 0, "percent_statements_covered": 91.52542372881356, "percent_statements_covered_display": "92"}, "missing_lines": [85, 145, 148, 149, 150], "excluded_lines": [], "start_line": 18}, "": {"executed_lines": [9, 11, 12, 14, 15, 18, 33, 144, 147, 152], "summary": {"covered_lines": 10, "num_statements": 10, "percent_covered": 100.0, "percent_covered_display": "100", "missing_lines": 0, "excluded_lines": 0, "percent_statements_covered": 100.0, "percent_statements_covered_display": "100"}, "missing_lines": [], "excluded_lines": [], "start_line": 1}}}, "src/migrators/contact_inboxes_migrator.py": {"executed_lines": [17, 19, 21, 22, 24, 25, 28, 43, 49, 50, 51, 52, 53, 54, 62, 63, 64, 66, 68, 75, 76, 83, 84, 85, 86, 87, 89, 93, 95, 96, 97, 98, 99, 100, 102, 103, 104, 105, 106, 107, 108, 109, 115, 123, 124, 125, 127, 128, 133, 135, 136, 141, 143, 144, 145, 146, 151, 154, 156, 158, 160, 166, 172, 175, 180], "summary": {"covered_lines": 65, "num_statements": 81, "percent_covered": 80.24691358024691, "percent_covered_display": "80", "missing_lines": 16, "excluded_lines": 0, "percent_statements_covered": 80.24691358024691, "percent_statements_covered_display": "80"}, "missing_lines": [55, 56, 59, 60, 173, 176, 177, 178, 185, 187, 188, 190, 191, 195, 196, 200], "excluded_lines": [], "functions": {"ContactInboxesMigrator.migrate": {"executed_lines": [49, 50, 51, 52, 53, 54, 62, 63, 64, 66, 68, 75, 76, 83, 84, 85, 86, 87, 89, 93, 95, 96, 97, 98, 99, 100, 102, 103, 104, 105, 106, 107, 108, 109, 115, 158, 160, 166], "summary": {"covered_lines": 38, "num_statements": 42, "percent_covered": 90.47619047619048, "percent_covered_display": "90", "missing_lines": 4, "excluded_lines": 0, "percent_statements_covered": 90.47619047619048, "percent_statements_covered_display": "90"}, "missing_lines": [55, 56, 59, 60], "excluded_lines": [], "start_line": 43}, "ContactInboxesMigrator.migrate.remap_fn": {"executed_lines": [123, 124, 125, 127, 128, 133, 135, 136, 141, 143, 144, 145, 146, 151, 154, 156], "summary": {"covered_lines": 16, "num_statements": 16, "percent_covered": 100.0, "percent_covered_display": "100", "missing_lines": 0, "excluded_lines": 0, "percent_statements_covered": 100.0, "percent_statements_covered_display": "100"}, "missing_lines": [], "excluded_lines": [], "start_line": 115}, "ContactInboxesMigrator._table_name": {"executed_lines": [], "summary": {"covered_lines": 0, "num_statements": 1, "percent_covered": 0.0, "percent_covered_display": "0", "missing_lines": 1, "excluded_lines": 0, "percent_statements_covered": 0.0, "percent_statements_covered_display": "0"}, "missing_lines": [173], "excluded_lines": [], "start_line": 172}, "ContactInboxesMigrator._fetch_all_source_rows": {"executed_lines": [], "summary": {"covered_lines": 0, "num_statements": 3, "percent_covered": 0.0, "percent_covered_display": "0", "missing_lines": 3, "excluded_lines": 0, "percent_statements_covered": 0.0, "percent_statements_covered_display": "0"}, "missing_lines": [176, 177, 178], "excluded_lines": [], "start_line": 175}, "ContactInboxesMigrator._classify_row_poc": {"executed_lines": [], "summary": {"covered_lines": 0, "num_statements": 8, "percent_covered": 0.0, "percent_covered_display": "0", "missing_lines": 8, "excluded_lines": 0, "percent_statements_covered": 0.0, "percent_statements_covered_display": "0"}, "missing_lines": [185, 187, 188, 190, 191, 195, 196, 200], "excluded_lines": [], "start_line": 180}, "": {"executed_lines": [17, 19, 21, 22, 24, 25, 28, 43, 172, 175, 180], "summary": {"covered_lines": 11, "num_statements": 11, "percent_covered": 100.0, "percent_covered_display": "100", "missing_lines": 0, "excluded_lines": 0, "percent_statements_covered": 100.0, "percent_statements_covered_display": "100"}, "missing_lines": [], "excluded_lines": [], "start_line": 1}}, "classes": {"ContactInboxesMigrator": {"executed_lines": [49, 50, 51, 52, 53, 54, 62, 63, 64, 66, 68, 75, 76, 83, 84, 85, 86, 87, 89, 93, 95, 96, 97, 98, 99, 100, 102, 103, 104, 105, 106, 107, 108, 109, 115, 123, 124, 125, 127, 128, 133, 135, 136, 141, 143, 144, 145, 146, 151, 154, 156, 158, 160, 166], "summary": {"covered_lines": 54, "num_statements": 70, "percent_covered": 77.14285714285714, "percent_covered_display": "77", "missing_lines": 16, "excluded_lines": 0, "percent_statements_covered": 77.14285714285714, "percent_statements_covered_display": "77"}, "missing_lines": [55, 56, 59, 60, 173, 176, 177, 178, 185, 187, 188, 190, 191, 195, 196, 200], "excluded_lines": [], "start_line": 28}, "": {"executed_lines": [17, 19, 21, 22, 24, 25, 28, 43, 172, 175, 180], "summary": {"covered_lines": 11, "num_statements": 11, "percent_covered": 100.0, "percent_covered_display": "100", "missing_lines": 0, "excluded_lines": 0, "percent_statements_covered": 100.0, "percent_statements_covered_display": "100"}, "missing_lines": [], "excluded_lines": [], "start_line": 1}}}, "src/migrators/contacts_migrator.py": {"executed_lines": [11, 13, 14, 16, 17, 20, 35, 44, 45, 46, 47, 48, 49, 57, 58, 60, 62, 72, 76, 82, 87, 88, 89, 91, 92, 93, 94, 103, 104, 107, 108, 111, 116, 117, 118, 119, 121, 122, 123, 124, 125, 126, 127, 128, 129, 130, 131, 132, 134, 135, 136, 138, 139, 140, 141, 142, 143, 144, 145, 152, 160, 161, 162, 167, 168, 174, 176, 182, 188, 196, 206], "summary": {"covered_lines": 71, "num_statements": 87, "percent_covered": 81.60919540229885, "percent_covered_display": "82", "missing_lines": 16, "excluded_lines": 0, "percent_statements_covered": 81.60919540229885, "percent_statements_covered_display": "82"}, "missing_lines": [50, 51, 54, 55, 112, 120, 133, 194, 202, 203, 204, 220, 222, 223, 224, 228], "excluded_lines": [], "functions": {"ContactsMigrator.migrate": {"executed_lines": [44, 45, 46, 47, 48, 49, 57, 58, 60, 62, 72, 76, 82, 87, 88, 89, 91, 92, 93, 94, 103, 104, 107, 108, 111, 116, 117, 118, 119, 121, 122, 123, 124, 125, 126, 127, 128, 129, 130, 131, 132, 134, 135, 136, 138, 139, 140, 141, 142, 143, 144, 145, 152, 174, 176, 182], "summary": {"covered_lines": 56, "num_statements": 63, "percent_covered": 88.88888888888889, "percent_covered_display": "89", "missing_lines": 7, "excluded_lines": 0, "percent_statements_covered": 88.88888888888889, "percent_statements_covered_display": "89"}, "missing_lines": [50, 51, 54, 55, 112, 120, 133], "excluded_lines": [], "start_line": 35}, "ContactsMigrator.migrate.remap_fn": {"executed_lines": [160, 161, 162, 167, 168], "summary": {"covered_lines": 5, "num_statements": 5, "percent_covered": 100.0, "percent_covered_display": "100", "missing_lines": 0, "excluded_lines": 0, "percent_statements_covered": 100.0, "percent_statements_covered_display": "100"}, "missing_lines": [], "excluded_lines": [], "start_line": 152}, "ContactsMigrator._table_name": {"executed_lines": [], "summary": {"covered_lines": 0, "num_statements": 1, "percent_covered": 0.0, "percent_covered_display": "0", "missing_lines": 1, "excluded_lines": 0, "percent_statements_covered": 0.0, "percent_statements_covered_display": "0"}, "missing_lines": [194], "excluded_lines": [], "start_line": 188}, "ContactsMigrator._fetch_all_source_rows": {"executed_lines": [], "summary": {"covered_lines": 0, "num_statements": 3, "percent_covered": 0.0, "percent_covered_display": "0", "missing_lines": 3, "excluded_lines": 0, "percent_statements_covered": 0.0, "percent_statements_covered_display": "0"}, "missing_lines": [202, 203, 204], "excluded_lines": [], "start_line": 196}, "ContactsMigrator._classify_row_poc": {"executed_lines": [], "summary": {"covered_lines": 0, "num_statements": 5, "percent_covered": 0.0, "percent_covered_display": "0", "missing_lines": 5, "excluded_lines": 0, "percent_statements_covered": 0.0, "percent_statements_covered_display": "0"}, "missing_lines": [220, 222, 223, 224, 228], "excluded_lines": [], "start_line": 206}, "": {"executed_lines": [11, 13, 14, 16, 17, 20, 35, 188, 196, 206], "summary": {"covered_lines": 10, "num_statements": 10, "percent_covered": 100.0, "percent_covered_display": "100", "missing_lines": 0, "excluded_lines": 0, "percent_statements_covered": 100.0, "percent_statements_covered_display": "100"}, "missing_lines": [], "excluded_lines": [], "start_line": 1}}, "classes": {"ContactsMigrator": {"executed_lines": [44, 45, 46, 47, 48, 49, 57, 58, 60, 62, 72, 76, 82, 87, 88, 89, 91, 92, 93, 94, 103, 104, 107, 108, 111, 116, 117, 118, 119, 121, 122, 123, 124, 125, 126, 127, 128, 129, 130, 131, 132, 134, 135, 136, 138, 139, 140, 141, 142, 143, 144, 145, 152, 160, 161, 162, 167, 168, 174, 176, 182], "summary": {"covered_lines": 61, "num_statements": 77, "percent_covered": 79.22077922077922, "percent_covered_display": "79", "missing_lines": 16, "excluded_lines": 0, "percent_statements_covered": 79.22077922077922, "percent_statements_covered_display": "79"}, "missing_lines": [50, 51, 54, 55, 112, 120, 133, 194, 202, 203, 204, 220, 222, 223, 224, 228], "excluded_lines": [], "start_line": 20}, "": {"executed_lines": [11, 13, 14, 16, 17, 20, 35, 188, 196, 206], "summary": {"covered_lines": 10, "num_statements": 10, "percent_covered": 100.0, "percent_covered_display": "100", "missing_lines": 0, "excluded_lines": 0, "percent_statements_covered": 100.0, "percent_statements_covered_display": "100"}, "missing_lines": [], "excluded_lines": [], "start_line": 1}}}, "src/migrators/conversation_labels_migrator.py": {"executed_lines": [21, 23, 24, 26, 27, 30, 46, 52, 54, 55, 56, 59, 60, 67, 68, 69, 77, 78, 91, 93, 101, 102, 103, 109, 111, 112, 113, 114, 119, 121, 129, 130, 131, 132, 133, 134, 137, 138, 140, 142, 144, 150, 156, 166, 167, 182, 183, 186, 189, 190, 191, 192, 193, 202, 203, 204, 211, 212, 213, 214, 216, 218, 219, 225, 228, 229, 230, 231, 234, 241, 242, 243, 255, 261, 269, 289], "summary": {"covered_lines": 76, "num_statements": 94, "percent_covered": 80.85106382978724, "percent_covered_display": "81", "missing_lines": 18, "excluded_lines": 0, "percent_statements_covered": 80.85106382978724, "percent_statements_covered_display": "81"}, "missing_lines": [70, 71, 74, 75, 194, 197, 198, 199, 200, 248, 249, 267, 275, 276, 303, 305, 306, 310], "excluded_lines": [], "functions": {"ConversationLabelsMigrator.migrate": {"executed_lines": [52, 54, 55, 56, 59, 60, 67, 68, 69, 77, 78, 91, 93, 142, 144, 150], "summary": {"covered_lines": 16, "num_statements": 20, "percent_covered": 80.0, "percent_covered_display": "80", "missing_lines": 4, "excluded_lines": 0, "percent_statements_covered": 80.0, "percent_statements_covered_display": "80"}, "missing_lines": [70, 71, 74, 75], "excluded_lines": [], "start_line": 46}, "ConversationLabelsMigrator.migrate.remap_fn": {"executed_lines": [101, 102, 103, 109, 111, 112, 113, 114, 119, 121, 129, 130, 131, 132, 133, 134, 137, 138, 140], "summary": {"covered_lines": 19, "num_statements": 19, "percent_covered": 100.0, "percent_covered_display": "100", "missing_lines": 0, "excluded_lines": 0, "percent_statements_covered": 100.0, "percent_statements_covered_display": "100"}, "missing_lines": [], "excluded_lines": [], "start_line": 93}, "ConversationLabelsMigrator._migrate_tags": {"executed_lines": [166, 167, 182, 183, 186, 189, 190, 191, 192, 193, 202, 203, 204, 211, 212, 213, 214, 216, 218, 219, 225, 228, 229, 230, 231, 234, 241, 242, 243, 255], "summary": {"covered_lines": 30, "num_statements": 37, "percent_covered": 81.08108108108108, "percent_covered_display": "81", "missing_lines": 7, "excluded_lines": 0, "percent_statements_covered": 81.08108108108108, "percent_statements_covered_display": "81"}, "missing_lines": [194, 197, 198, 199, 200, 248, 249], "excluded_lines": [], "start_line": 156}, "ConversationLabelsMigrator._table_name": {"executed_lines": [], "summary": {"covered_lines": 0, "num_statements": 1, "percent_covered": 0.0, "percent_covered_display": "0", "missing_lines": 1, "excluded_lines": 0, "percent_statements_covered": 0.0, "percent_statements_covered_display": "0"}, "missing_lines": [267], "excluded_lines": [], "start_line": 261}, "ConversationLabelsMigrator._fetch_all_source_rows": {"executed_lines": [], "summary": {"covered_lines": 0, "num_statements": 2, "percent_covered": 0.0, "percent_covered_display": "0", "missing_lines": 2, "excluded_lines": 0, "percent_statements_covered": 0.0, "percent_statements_covered_display": "0"}, "missing_lines": [275, 276], "excluded_lines": [], "start_line": 269}, "ConversationLabelsMigrator._classify_row_poc": {"executed_lines": [], "summary": {"covered_lines": 0, "num_statements": 4, "percent_covered": 0.0, "percent_covered_display": "0", "missing_lines": 4, "excluded_lines": 0, "percent_statements_covered": 0.0, "percent_statements_covered_display": "0"}, "missing_lines": [303, 305, 306, 310], "excluded_lines": [], "start_line": 289}, "": {"executed_lines": [21, 23, 24, 26, 27, 30, 46, 156, 261, 269, 289], "summary": {"covered_lines": 11, "num_statements": 11, "percent_covered": 100.0, "percent_covered_display": "100", "missing_lines": 0, "excluded_lines": 0, "percent_statements_covered": 100.0, "percent_statements_covered_display": "100"}, "missing_lines": [], "excluded_lines": [], "start_line": 1}}, "classes": {"ConversationLabelsMigrator": {"executed_lines": [52, 54, 55, 56, 59, 60, 67, 68, 69, 77, 78, 91, 93, 101, 102, 103, 109, 111, 112, 113, 114, 119, 121, 129, 130, 131, 132, 133, 134, 137, 138, 140, 142, 144, 150, 166, 167, 182, 183, 186, 189, 190, 191, 192, 193, 202, 203, 204, 211, 212, 213, 214, 216, 218, 219, 225, 228, 229, 230, 231, 234, 241, 242, 243, 255], "summary": {"covered_lines": 65, "num_statements": 83, "percent_covered": 78.3132530120482, "percent_covered_display": "78", "missing_lines": 18, "excluded_lines": 0, "percent_statements_covered": 78.3132530120482, "percent_statements_covered_display": "78"}, "missing_lines": [70, 71, 74, 75, 194, 197, 198, 199, 200, 248, 249, 267, 275, 276, 303, 305, 306, 310], "excluded_lines": [], "start_line": 30}, "": {"executed_lines": [21, 23, 24, 26, 27, 30, 46, 156, 261, 269, 289], "summary": {"covered_lines": 11, "num_statements": 11, "percent_covered": 100.0, "percent_covered_display": "100", "missing_lines": 0, "excluded_lines": 0, "percent_statements_covered": 100.0, "percent_statements_covered_display": "100"}, "missing_lines": [], "excluded_lines": [], "start_line": 1}}}, "src/migrators/conversations_migrator.py": {"executed_lines": [15, 17, 19, 20, 22, 23, 26, 41, 47, 48, 49, 50, 51, 52, 60, 61, 62, 63, 64, 65, 67, 71, 79, 80, 88, 90, 92, 100, 101, 102, 105, 106, 111, 112, 113, 118, 120, 121, 122, 123, 130, 131, 132, 133, 134, 139, 141, 144, 145, 146, 147, 148, 150, 153, 154, 155, 156, 157, 159, 171, 172, 201, 205, 206, 207, 209, 211, 213, 219, 225, 231, 233, 243, 261, 263, 264, 265, 266, 267, 269, 270, 271, 276, 277, 283, 284, 285, 286, 288, 289, 290, 291, 292, 294, 295, 299], "summary": {"covered_lines": 96, "num_statements": 118, "percent_covered": 81.35593220338983, "percent_covered_display": "81", "missing_lines": 22, "excluded_lines": 0, "percent_statements_covered": 81.35593220338983, "percent_statements_covered_display": "81"}, "missing_lines": [53, 54, 57, 58, 86, 173, 174, 175, 180, 181, 182, 183, 184, 185, 187, 196, 198, 239, 240, 241, 278, 293], "excluded_lines": [], "functions": {"ConversationsMigrator.migrate": {"executed_lines": [47, 48, 49, 50, 51, 52, 60, 61, 62, 63, 64, 65, 67, 71, 79, 80, 88, 90, 92, 211, 213, 219], "summary": {"covered_lines": 22, "num_statements": 27, "percent_covered": 81.48148148148148, "percent_covered_display": "81", "missing_lines": 5, "excluded_lines": 0, "percent_statements_covered": 81.48148148148148, "percent_statements_covered_display": "81"}, "missing_lines": [53, 54, 57, 58, 86], "excluded_lines": [], "start_line": 41}, "ConversationsMigrator.migrate.remap_fn": {"executed_lines": [100, 101, 102, 105, 106, 111, 112, 113, 118, 120, 121, 122, 123, 130, 131, 132, 133, 134, 139, 141, 144, 145, 146, 147, 148, 150, 153, 154, 155, 156, 157, 159, 171, 172, 201, 205, 206, 207, 209], "summary": {"covered_lines": 39, "num_statements": 51, "percent_covered": 76.47058823529412, "percent_covered_display": "76", "missing_lines": 12, "excluded_lines": 0, "percent_statements_covered": 76.47058823529412, "percent_statements_covered_display": "76"}, "missing_lines": [173, 174, 175, 180, 181, 182, 183, 184, 185, 187, 196, 198], "excluded_lines": [], "start_line": 92}, "ConversationsMigrator._table_name": {"executed_lines": [231], "summary": {"covered_lines": 1, "num_statements": 1, "percent_covered": 100.0, "percent_covered_display": "100", "missing_lines": 0, "excluded_lines": 0, "percent_statements_covered": 100.0, "percent_statements_covered_display": "100"}, "missing_lines": [], "excluded_lines": [], "start_line": 225}, "ConversationsMigrator._fetch_all_source_rows": {"executed_lines": [], "summary": {"covered_lines": 0, "num_statements": 3, "percent_covered": 0.0, "percent_covered_display": "0", "missing_lines": 3, "excluded_lines": 0, "percent_statements_covered": 0.0, "percent_statements_covered_display": "0"}, "missing_lines": [239, 240, 241], "excluded_lines": [], "start_line": 233}, "ConversationsMigrator._classify_row_poc": {"executed_lines": [261, 263, 264, 265, 266, 267, 269, 270, 271, 276, 277, 283, 284, 285, 286, 288, 289, 290, 291, 292, 294, 295, 299], "summary": {"covered_lines": 23, "num_statements": 25, "percent_covered": 92.0, "percent_covered_display": "92", "missing_lines": 2, "excluded_lines": 0, "percent_statements_covered": 92.0, "percent_statements_covered_display": "92"}, "missing_lines": [278, 293], "excluded_lines": [], "start_line": 243}, "": {"executed_lines": [15, 17, 19, 20, 22, 23, 26, 41, 225, 233, 243], "summary": {"covered_lines": 11, "num_statements": 11, "percent_covered": 100.0, "percent_covered_display": "100", "missing_lines": 0, "excluded_lines": 0, "percent_statements_covered": 100.0, "percent_statements_covered_display": "100"}, "missing_lines": [], "excluded_lines": [], "start_line": 1}}, "classes": {"ConversationsMigrator": {"executed_lines": [47, 48, 49, 50, 51, 52, 60, 61, 62, 63, 64, 65, 67, 71, 79, 80, 88, 90, 92, 100, 101, 102, 105, 106, 111, 112, 113, 118, 120, 121, 122, 123, 130, 131, 132, 133, 134, 139, 141, 144, 145, 146, 147, 148, 150, 153, 154, 155, 156, 157, 159, 171, 172, 201, 205, 206, 207, 209, 211, 213, 219, 231, 261, 263, 264, 265, 266, 267, 269, 270, 271, 276, 277, 283, 284, 285, 286, 288, 289, 290, 291, 292, 294, 295, 299], "summary": {"covered_lines": 85, "num_statements": 107, "percent_covered": 79.4392523364486, "percent_covered_display": "79", "missing_lines": 22, "excluded_lines": 0, "percent_statements_covered": 79.4392523364486, "percent_statements_covered_display": "79"}, "missing_lines": [53, 54, 57, 58, 86, 173, 174, 175, 180, 181, 182, 183, 184, 185, 187, 196, 198, 239, 240, 241, 278, 293], "excluded_lines": [], "start_line": 26}, "": {"executed_lines": [15, 17, 19, 20, 22, 23, 26, 41, 225, 233, 243], "summary": {"covered_lines": 11, "num_statements": 11, "percent_covered": 100.0, "percent_covered_display": "100", "missing_lines": 0, "excluded_lines": 0, "percent_statements_covered": 100.0, "percent_statements_covered_display": "100"}, "missing_lines": [], "excluded_lines": [], "start_line": 1}}}, "src/migrators/custom_attribute_definitions_migrator.py": {"executed_lines": [10, 12, 13, 15, 16, 19, 34, 40, 41, 42, 47, 48, 49, 54, 55, 58, 63, 69, 70, 72, 74, 80, 85, 86, 87, 88, 89, 90, 98, 99, 101, 102, 103, 104, 106, 107, 108, 109, 110, 111, 112, 114, 115, 116, 117, 118, 124, 131, 139, 140, 141, 146, 147, 153, 160, 166, 172, 175, 184, 189, 191, 192, 196], "summary": {"covered_lines": 63, "num_statements": 68, "percent_covered": 92.6470588235294, "percent_covered_display": "93", "missing_lines": 5, "excluded_lines": 0, "percent_statements_covered": 92.6470588235294, "percent_statements_covered_display": "93"}, "missing_lines": [105, 173, 176, 177, 182], "excluded_lines": [], "functions": {"CustomAttributeDefinitionsMigrator.migrate": {"executed_lines": [40, 41, 42, 47, 48, 49, 54, 55, 58, 63, 69, 70, 72, 74, 80, 85, 86, 87, 88, 89, 90, 98, 99, 101, 102, 103, 104, 106, 107, 108, 109, 110, 111, 112, 114, 115, 116, 117, 118, 124, 131, 153, 160, 166], "summary": {"covered_lines": 44, "num_statements": 45, "percent_covered": 97.77777777777777, "percent_covered_display": "98", "missing_lines": 1, "excluded_lines": 0, "percent_statements_covered": 97.77777777777777, "percent_statements_covered_display": "98"}, "missing_lines": [105], "excluded_lines": [], "start_line": 34}, "CustomAttributeDefinitionsMigrator.migrate.remap_fn": {"executed_lines": [139, 140, 141, 146, 147], "summary": {"covered_lines": 5, "num_statements": 5, "percent_covered": 100.0, "percent_covered_display": "100", "missing_lines": 0, "excluded_lines": 0, "percent_statements_covered": 100.0, "percent_statements_covered_display": "100"}, "missing_lines": [], "excluded_lines": [], "start_line": 131}, "CustomAttributeDefinitionsMigrator._table_name": {"executed_lines": [], "summary": {"covered_lines": 0, "num_statements": 1, "percent_covered": 0.0, "percent_covered_display": "0", "missing_lines": 1, "excluded_lines": 0, "percent_statements_covered": 0.0, "percent_statements_covered_display": "0"}, "missing_lines": [173], "excluded_lines": [], "start_line": 172}, "CustomAttributeDefinitionsMigrator._fetch_all_source_rows": {"executed_lines": [], "summary": {"covered_lines": 0, "num_statements": 3, "percent_covered": 0.0, "percent_covered_display": "0", "missing_lines": 3, "excluded_lines": 0, "percent_statements_covered": 0.0, "percent_statements_covered_display": "0"}, "missing_lines": [176, 177, 182], "excluded_lines": [], "start_line": 175}, "CustomAttributeDefinitionsMigrator._classify_row_poc": {"executed_lines": [189, 191, 192, 196], "summary": {"covered_lines": 4, "num_statements": 4, "percent_covered": 100.0, "percent_covered_display": "100", "missing_lines": 0, "excluded_lines": 0, "percent_statements_covered": 100.0, "percent_statements_covered_display": "100"}, "missing_lines": [], "excluded_lines": [], "start_line": 184}, "": {"executed_lines": [10, 12, 13, 15, 16, 19, 34, 172, 175, 184], "summary": {"covered_lines": 10, "num_statements": 10, "percent_covered": 100.0, "percent_covered_display": "100", "missing_lines": 0, "excluded_lines": 0, "percent_statements_covered": 100.0, "percent_statements_covered_display": "100"}, "missing_lines": [], "excluded_lines": [], "start_line": 1}}, "classes": {"CustomAttributeDefinitionsMigrator": {"executed_lines": [40, 41, 42, 47, 48, 49, 54, 55, 58, 63, 69, 70, 72, 74, 80, 85, 86, 87, 88, 89, 90, 98, 99, 101, 102, 103, 104, 106, 107, 108, 109, 110, 111, 112, 114, 115, 116, 117, 118, 124, 131, 139, 140, 141, 146, 147, 153, 160, 166, 189, 191, 192, 196], "summary": {"covered_lines": 53, "num_statements": 58, "percent_covered": 91.37931034482759, "percent_covered_display": "91", "missing_lines": 5, "excluded_lines": 0, "percent_statements_covered": 91.37931034482759, "percent_statements_covered_display": "91"}, "missing_lines": [105, 173, 176, 177, 182], "excluded_lines": [], "start_line": 19}, "": {"executed_lines": [10, 12, 13, 15, 16, 19, 34, 172, 175, 184], "summary": {"covered_lines": 10, "num_statements": 10, "percent_covered": 100.0, "percent_covered_display": "100", "missing_lines": 0, "excluded_lines": 0, "percent_statements_covered": 100.0, "percent_statements_covered_display": "100"}, "missing_lines": [], "excluded_lines": [], "start_line": 1}}}, "src/migrators/inbox_members_migrator.py": {"executed_lines": [15, 17, 19, 20, 22, 24, 25, 41, 44, 46, 49, 55, 56, 62, 63, 64, 68, 75, 76, 82, 83, 84, 85, 86, 88, 89, 91, 92, 93, 94, 102, 115, 117, 119, 120, 121, 123, 124, 129, 131, 132, 137, 139, 140, 141, 143, 145, 147, 148, 150, 158, 165, 171, 173, 176, 185, 211], "summary": {"covered_lines": 57, "num_statements": 79, "percent_covered": 72.15189873417721, "percent_covered_display": "72", "missing_lines": 22, "excluded_lines": 0, "percent_statements_covered": 72.15189873417721, "percent_statements_covered_display": "72"}, "missing_lines": [95, 96, 103, 104, 105, 110, 144, 174, 177, 178, 183, 190, 192, 193, 195, 196, 197, 202, 203, 204, 209, 212], "excluded_lines": [], "functions": {"InboxMembersMigrator.migrate": {"executed_lines": [46, 49, 55, 56, 62, 63, 64, 68, 75, 76, 82, 83, 84, 85, 86, 88, 89, 91, 92, 93, 94, 102, 115, 117, 158, 165, 171], "summary": {"covered_lines": 27, "num_statements": 33, "percent_covered": 81.81818181818181, "percent_covered_display": "82", "missing_lines": 6, "excluded_lines": 0, "percent_statements_covered": 81.81818181818181, "percent_statements_covered_display": "82"}, "missing_lines": [95, 96, 103, 104, 105, 110], "excluded_lines": [], "start_line": 44}, "InboxMembersMigrator.migrate.remap_fn": {"executed_lines": [119, 120, 121, 123, 124, 129, 131, 132, 137, 139, 140, 141, 143, 145, 147, 148, 150], "summary": {"covered_lines": 17, "num_statements": 18, "percent_covered": 94.44444444444444, "percent_covered_display": "94", "missing_lines": 1, "excluded_lines": 0, "percent_statements_covered": 94.44444444444444, "percent_statements_covered_display": "94"}, "missing_lines": [144], "excluded_lines": [], "start_line": 117}, "InboxMembersMigrator._table_name": {"executed_lines": [], "summary": {"covered_lines": 0, "num_statements": 1, "percent_covered": 0.0, "percent_covered_display": "0", "missing_lines": 1, "excluded_lines": 0, "percent_statements_covered": 0.0, "percent_statements_covered_display": "0"}, "missing_lines": [174], "excluded_lines": [], "start_line": 173}, "InboxMembersMigrator._fetch_all_source_rows": {"executed_lines": [], "summary": {"covered_lines": 0, "num_statements": 3, "percent_covered": 0.0, "percent_covered_display": "0", "missing_lines": 3, "excluded_lines": 0, "percent_statements_covered": 0.0, "percent_statements_covered_display": "0"}, "missing_lines": [177, 178, 183], "excluded_lines": [], "start_line": 176}, "InboxMembersMigrator._classify_row_poc": {"executed_lines": [], "summary": {"covered_lines": 0, "num_statements": 10, "percent_covered": 0.0, "percent_covered_display": "0", "missing_lines": 10, "excluded_lines": 0, "percent_statements_covered": 0.0, "percent_statements_covered_display": "0"}, "missing_lines": [190, 192, 193, 195, 196, 197, 202, 203, 204, 209], "excluded_lines": [], "start_line": 185}, "InboxMembersMigrator._poc_safe_preview": {"executed_lines": [], "summary": {"covered_lines": 0, "num_statements": 1, "percent_covered": 0.0, "percent_covered_display": "0", "missing_lines": 1, "excluded_lines": 0, "percent_statements_covered": 0.0, "percent_statements_covered_display": "0"}, "missing_lines": [212], "excluded_lines": [], "start_line": 211}, "": {"executed_lines": [15, 17, 19, 20, 22, 24, 25, 41, 44, 173, 176, 185, 211], "summary": {"covered_lines": 13, "num_statements": 13, "percent_covered": 100.0, "percent_covered_display": "100", "missing_lines": 0, "excluded_lines": 0, "percent_statements_covered": 100.0, "percent_statements_covered_display": "100"}, "missing_lines": [], "excluded_lines": [], "start_line": 1}}, "classes": {"InboxMembersMigrator": {"executed_lines": [46, 49, 55, 56, 62, 63, 64, 68, 75, 76, 82, 83, 84, 85, 86, 88, 89, 91, 92, 93, 94, 102, 115, 117, 119, 120, 121, 123, 124, 129, 131, 132, 137, 139, 140, 141, 143, 145, 147, 148, 150, 158, 165, 171], "summary": {"covered_lines": 44, "num_statements": 66, "percent_covered": 66.66666666666667, "percent_covered_display": "67", "missing_lines": 22, "excluded_lines": 0, "percent_statements_covered": 66.66666666666667, "percent_statements_covered_display": "67"}, "missing_lines": [95, 96, 103, 104, 105, 110, 144, 174, 177, 178, 183, 190, 192, 193, 195, 196, 197, 202, 203, 204, 209, 212], "excluded_lines": [], "start_line": 41}, "": {"executed_lines": [15, 17, 19, 20, 22, 24, 25, 41, 44, 173, 176, 185, 211], "summary": {"covered_lines": 13, "num_statements": 13, "percent_covered": 100.0, "percent_covered_display": "100", "missing_lines": 0, "excluded_lines": 0, "percent_statements_covered": 100.0, "percent_statements_covered_display": "100"}, "missing_lines": [], "excluded_lines": [], "start_line": 1}}}, "src/migrators/inboxes_migrator.py": {"executed_lines": [22, 24, 25, 27, 28, 30, 31, 34, 86, 101, 107, 108, 109, 110, 111, 112, 120, 121, 123, 125, 133, 134, 139, 183, 186, 187, 191, 199, 200, 201, 206, 208, 215, 216, 217, 218, 219, 220, 222, 230, 232, 234, 240, 246, 273, 274, 275, 276, 277, 278, 283, 284, 442, 448, 450, 456, 457, 458, 460, 474, 476, 477, 478, 482], "summary": {"covered_lines": 64, "num_statements": 166, "percent_covered": 38.55421686746988, "percent_covered_display": "39", "missing_lines": 102, "excluded_lines": 0, "percent_statements_covered": 38.55421686746988, "percent_statements_covered_display": "39"}, "missing_lines": [113, 114, 117, 118, 140, 141, 142, 143, 144, 152, 153, 155, 156, 157, 158, 159, 160, 161, 162, 163, 164, 165, 166, 167, 168, 170, 171, 172, 173, 174, 175, 279, 280, 281, 287, 288, 289, 291, 293, 294, 295, 296, 302, 304, 307, 308, 309, 310, 311, 315, 316, 317, 320, 321, 322, 330, 332, 333, 334, 335, 341, 343, 344, 345, 347, 352, 355, 358, 359, 360, 361, 362, 367, 368, 369, 372, 373, 374, 375, 376, 378, 380, 381, 388, 394, 401, 402, 403, 404, 405, 406, 407, 408, 414, 415, 416, 417, 419, 420, 421, 429, 436], "excluded_lines": [], "functions": {"InboxesMigrator.migrate": {"executed_lines": [107, 108, 109, 110, 111, 112, 120, 121, 123, 125, 133, 134, 139, 183, 186, 187, 191, 232, 234, 240], "summary": {"covered_lines": 20, "num_statements": 51, "percent_covered": 39.21568627450981, "percent_covered_display": "39", "missing_lines": 31, "excluded_lines": 0, "percent_statements_covered": 39.21568627450981, "percent_statements_covered_display": "39"}, "missing_lines": [113, 114, 117, 118, 140, 141, 142, 143, 144, 152, 153, 155, 156, 157, 158, 159, 160, 161, 162, 163, 164, 165, 166, 167, 168, 170, 171, 172, 173, 174, 175], "excluded_lines": [], "start_line": 101}, "InboxesMigrator.migrate.remap_fn": {"executed_lines": [199, 200, 201, 206, 208, 215, 216, 217, 218, 219, 220, 222, 230], "summary": {"covered_lines": 13, "num_statements": 13, "percent_covered": 100.0, "percent_covered_display": "100", "missing_lines": 0, "excluded_lines": 0, "percent_statements_covered": 100.0, "percent_statements_covered_display": "100"}, "missing_lines": [], "excluded_lines": [], "start_line": 191}, "InboxesMigrator._migrate_channels": {"executed_lines": [273, 274, 275, 276, 277, 278, 283, 284], "summary": {"covered_lines": 8, "num_statements": 79, "percent_covered": 10.126582278481013, "percent_covered_display": "10", "missing_lines": 71, "excluded_lines": 0, "percent_statements_covered": 10.126582278481013, "percent_statements_covered_display": "10"}, "missing_lines": [279, 280, 281, 287, 288, 289, 291, 293, 294, 295, 296, 302, 304, 307, 308, 309, 310, 311, 315, 316, 317, 320, 321, 322, 330, 332, 333, 334, 335, 341, 343, 344, 345, 347, 352, 355, 358, 359, 360, 361, 362, 367, 368, 369, 372, 373, 374, 375, 376, 378, 380, 381, 388, 394, 401, 402, 403, 404, 405, 406, 407, 408, 414, 415, 416, 417, 419, 420, 421, 429, 436], "excluded_lines": [], "start_line": 246}, "InboxesMigrator._table_name": {"executed_lines": [448], "summary": {"covered_lines": 1, "num_statements": 1, "percent_covered": 100.0, "percent_covered_display": "100", "missing_lines": 0, "excluded_lines": 0, "percent_statements_covered": 100.0, "percent_statements_covered_display": "100"}, "missing_lines": [], "excluded_lines": [], "start_line": 442}, "InboxesMigrator._fetch_all_source_rows": {"executed_lines": [456, 457, 458], "summary": {"covered_lines": 3, "num_statements": 3, "percent_covered": 100.0, "percent_covered_display": "100", "missing_lines": 0, "excluded_lines": 0, "percent_statements_covered": 100.0, "percent_statements_covered_display": "100"}, "missing_lines": [], "excluded_lines": [], "start_line": 450}, "InboxesMigrator._classify_row_poc": {"executed_lines": [474, 476, 477, 478, 482], "summary": {"covered_lines": 5, "num_statements": 5, "percent_covered": 100.0, "percent_covered_display": "100", "missing_lines": 0, "excluded_lines": 0, "percent_statements_covered": 100.0, "percent_statements_covered_display": "100"}, "missing_lines": [], "excluded_lines": [], "start_line": 460}, "": {"executed_lines": [22, 24, 25, 27, 28, 30, 31, 34, 86, 101, 246, 442, 450, 460], "summary": {"covered_lines": 14, "num_statements": 14, "percent_covered": 100.0, "percent_covered_display": "100", "missing_lines": 0, "excluded_lines": 0, "percent_statements_covered": 100.0, "percent_statements_covered_display": "100"}, "missing_lines": [], "excluded_lines": [], "start_line": 1}}, "classes": {"InboxesMigrator": {"executed_lines": [107, 108, 109, 110, 111, 112, 120, 121, 123, 125, 133, 134, 139, 183, 186, 187, 191, 199, 200, 201, 206, 208, 215, 216, 217, 218, 219, 220, 222, 230, 232, 234, 240, 273, 274, 275, 276, 277, 278, 283, 284, 448, 456, 457, 458, 474, 476, 477, 478, 482], "summary": {"covered_lines": 50, "num_statements": 152, "percent_covered": 32.89473684210526, "percent_covered_display": "33", "missing_lines": 102, "excluded_lines": 0, "percent_statements_covered": 32.89473684210526, "percent_statements_covered_display": "33"}, "missing_lines": [113, 114, 117, 118, 140, 141, 142, 143, 144, 152, 153, 155, 156, 157, 158, 159, 160, 161, 162, 163, 164, 165, 166, 167, 168, 170, 171, 172, 173, 174, 175, 279, 280, 281, 287, 288, 289, 291, 293, 294, 295, 296, 302, 304, 307, 308, 309, 310, 311, 315, 316, 317, 320, 321, 322, 330, 332, 333, 334, 335, 341, 343, 344, 345, 347, 352, 355, 358, 359, 360, 361, 362, 367, 368, 369, 372, 373, 374, 375, 376, 378, 380, 381, 388, 394, 401, 402, 403, 404, 405, 406, 407, 408, 414, 415, 416, 417, 419, 420, 421, 429, 436], "excluded_lines": [], "start_line": 86}, "": {"executed_lines": [22, 24, 25, 27, 28, 30, 31, 34, 86, 101, 246, 442, 450, 460], "summary": {"covered_lines": 14, "num_statements": 14, "percent_covered": 100.0, "percent_covered_display": "100", "missing_lines": 0, "excluded_lines": 0, "percent_statements_covered": 100.0, "percent_statements_covered_display": "100"}, "missing_lines": [], "excluded_lines": [], "start_line": 1}}}, "src/migrators/labels_migrator.py": {"executed_lines": [7, 9, 10, 12, 13, 16, 31, 37, 38, 39, 40, 41, 42, 43, 44, 47, 48, 50, 51, 53, 55, 61, 66, 104, 112, 113, 114, 119, 120, 126, 128, 134, 140, 146, 148, 154, 155, 156, 158, 172, 174, 175, 180], "summary": {"covered_lines": 43, "num_statements": 68, "percent_covered": 63.23529411764706, "percent_covered_display": "63", "missing_lines": 25, "excluded_lines": 0, "percent_statements_covered": 63.23529411764706, "percent_statements_covered_display": "63"}, "missing_lines": [67, 68, 69, 70, 71, 78, 80, 81, 82, 83, 84, 85, 86, 87, 88, 89, 90, 91, 93, 94, 95, 96, 97, 98, 176], "excluded_lines": [], "functions": {"LabelsMigrator.migrate": {"executed_lines": [37, 38, 39, 40, 41, 42, 43, 44, 47, 48, 50, 51, 53, 55, 61, 66, 104, 126, 128, 134], "summary": {"covered_lines": 20, "num_statements": 44, "percent_covered": 45.45454545454545, "percent_covered_display": "45", "missing_lines": 24, "excluded_lines": 0, "percent_statements_covered": 45.45454545454545, "percent_statements_covered_display": "45"}, "missing_lines": [67, 68, 69, 70, 71, 78, 80, 81, 82, 83, 84, 85, 86, 87, 88, 89, 90, 91, 93, 94, 95, 96, 97, 98], "excluded_lines": [], "start_line": 31}, "LabelsMigrator.migrate.remap_fn": {"executed_lines": [112, 113, 114, 119, 120], "summary": {"covered_lines": 5, "num_statements": 5, "percent_covered": 100.0, "percent_covered_display": "100", "missing_lines": 0, "excluded_lines": 0, "percent_statements_covered": 100.0, "percent_statements_covered_display": "100"}, "missing_lines": [], "excluded_lines": [], "start_line": 104}, "LabelsMigrator._table_name": {"executed_lines": [146], "summary": {"covered_lines": 1, "num_statements": 1, "percent_covered": 100.0, "percent_covered_display": "100", "missing_lines": 0, "excluded_lines": 0, "percent_statements_covered": 100.0, "percent_statements_covered_display": "100"}, "missing_lines": [], "excluded_lines": [], "start_line": 140}, "LabelsMigrator._fetch_all_source_rows": {"executed_lines": [154, 155, 156], "summary": {"covered_lines": 3, "num_statements": 3, "percent_covered": 100.0, "percent_covered_display": "100", "missing_lines": 0, "excluded_lines": 0, "percent_statements_covered": 100.0, "percent_statements_covered_display": "100"}, "missing_lines": [], "excluded_lines": [], "start_line": 148}, "LabelsMigrator._classify_row_poc": {"executed_lines": [172, 174, 175, 180], "summary": {"covered_lines": 4, "num_statements": 5, "percent_covered": 80.0, "percent_covered_display": "80", "missing_lines": 1, "excluded_lines": 0, "percent_statements_covered": 80.0, "percent_statements_covered_display": "80"}, "missing_lines": [176], "excluded_lines": [], "start_line": 158}, "": {"executed_lines": [7, 9, 10, 12, 13, 16, 31, 140, 148, 158], "summary": {"covered_lines": 10, "num_statements": 10, "percent_covered": 100.0, "percent_covered_display": "100", "missing_lines": 0, "excluded_lines": 0, "percent_statements_covered": 100.0, "percent_statements_covered_display": "100"}, "missing_lines": [], "excluded_lines": [], "start_line": 1}}, "classes": {"LabelsMigrator": {"executed_lines": [37, 38, 39, 40, 41, 42, 43, 44, 47, 48, 50, 51, 53, 55, 61, 66, 104, 112, 113, 114, 119, 120, 126, 128, 134, 146, 154, 155, 156, 172, 174, 175, 180], "summary": {"covered_lines": 33, "num_statements": 58, "percent_covered": 56.89655172413793, "percent_covered_display": "57", "missing_lines": 25, "excluded_lines": 0, "percent_statements_covered": 56.89655172413793, "percent_statements_covered_display": "57"}, "missing_lines": [67, 68, 69, 70, 71, 78, 80, 81, 82, 83, 84, 85, 86, 87, 88, 89, 90, 91, 93, 94, 95, 96, 97, 98, 176], "excluded_lines": [], "start_line": 16}, "": {"executed_lines": [7, 9, 10, 12, 13, 16, 31, 140, 148, 158], "summary": {"covered_lines": 10, "num_statements": 10, "percent_covered": 100.0, "percent_covered_display": "100", "missing_lines": 0, "excluded_lines": 0, "percent_statements_covered": 100.0, "percent_statements_covered_display": "100"}, "missing_lines": [], "excluded_lines": [], "start_line": 1}}}, "src/migrators/messages_migrator.py": {"executed_lines": [20, 22, 23, 25, 26, 29, 44, 50, 51, 52, 53, 54, 55, 63, 64, 65, 66, 67, 69, 71, 73, 81, 82, 85, 86, 91, 93, 94, 95, 98, 99, 100, 101, 102, 107, 108, 114, 115, 116, 117, 118, 119, 120, 123, 124, 126, 128, 130, 132, 138, 144, 152, 162], "summary": {"covered_lines": 53, "num_statements": 76, "percent_covered": 69.73684210526316, "percent_covered_display": "70", "missing_lines": 23, "excluded_lines": 0, "percent_statements_covered": 69.73684210526316, "percent_statements_covered_display": "70"}, "missing_lines": [56, 57, 60, 61, 122, 150, 158, 159, 160, 179, 181, 182, 183, 185, 186, 187, 192, 193, 194, 199, 200, 201, 205], "excluded_lines": [], "functions": {"MessagesMigrator.migrate": {"executed_lines": [50, 51, 52, 53, 54, 55, 63, 64, 65, 66, 67, 69, 71, 73, 130, 132, 138], "summary": {"covered_lines": 17, "num_statements": 21, "percent_covered": 80.95238095238095, "percent_covered_display": "81", "missing_lines": 4, "excluded_lines": 0, "percent_statements_covered": 80.95238095238095, "percent_statements_covered_display": "81"}, "missing_lines": [56, 57, 60, 61], "excluded_lines": [], "start_line": 44}, "MessagesMigrator.migrate.remap_fn": {"executed_lines": [81, 82, 85, 86, 91, 93, 94, 95, 98, 99, 100, 101, 102, 107, 108, 114, 115, 116, 117, 118, 119, 120, 123, 124, 126, 128], "summary": {"covered_lines": 26, "num_statements": 27, "percent_covered": 96.29629629629629, "percent_covered_display": "96", "missing_lines": 1, "excluded_lines": 0, "percent_statements_covered": 96.29629629629629, "percent_statements_covered_display": "96"}, "missing_lines": [122], "excluded_lines": [], "start_line": 73}, "MessagesMigrator._table_name": {"executed_lines": [], "summary": {"covered_lines": 0, "num_statements": 1, "percent_covered": 0.0, "percent_covered_display": "0", "missing_lines": 1, "excluded_lines": 0, "percent_statements_covered": 0.0, "percent_statements_covered_display": "0"}, "missing_lines": [150], "excluded_lines": [], "start_line": 144}, "MessagesMigrator._fetch_all_source_rows": {"executed_lines": [], "summary": {"covered_lines": 0, "num_statements": 3, "percent_covered": 0.0, "percent_covered_display": "0", "missing_lines": 3, "excluded_lines": 0, "percent_statements_covered": 0.0, "percent_statements_covered_display": "0"}, "missing_lines": [158, 159, 160], "excluded_lines": [], "start_line": 152}, "MessagesMigrator._classify_row_poc": {"executed_lines": [], "summary": {"covered_lines": 0, "num_statements": 14, "percent_covered": 0.0, "percent_covered_display": "0", "missing_lines": 14, "excluded_lines": 0, "percent_statements_covered": 0.0, "percent_statements_covered_display": "0"}, "missing_lines": [179, 181, 182, 183, 185, 186, 187, 192, 193, 194, 199, 200, 201, 205], "excluded_lines": [], "start_line": 162}, "": {"executed_lines": [20, 22, 23, 25, 26, 29, 44, 144, 152, 162], "summary": {"covered_lines": 10, "num_statements": 10, "percent_covered": 100.0, "percent_covered_display": "100", "missing_lines": 0, "excluded_lines": 0, "percent_statements_covered": 100.0, "percent_statements_covered_display": "100"}, "missing_lines": [], "excluded_lines": [], "start_line": 1}}, "classes": {"MessagesMigrator": {"executed_lines": [50, 51, 52, 53, 54, 55, 63, 64, 65, 66, 67, 69, 71, 73, 81, 82, 85, 86, 91, 93, 94, 95, 98, 99, 100, 101, 102, 107, 108, 114, 115, 116, 117, 118, 119, 120, 123, 124, 126, 128, 130, 132, 138], "summary": {"covered_lines": 43, "num_statements": 66, "percent_covered": 65.15151515151516, "percent_covered_display": "65", "missing_lines": 23, "excluded_lines": 0, "percent_statements_covered": 65.15151515151516, "percent_statements_covered_display": "65"}, "missing_lines": [56, 57, 60, 61, 122, 150, 158, 159, 160, 179, 181, 182, 183, 185, 186, 187, 192, 193, 194, 199, 200, 201, 205], "excluded_lines": [], "start_line": 29}, 
[...]
ments_covered": 100.0, "percent_statements_covered_display": "100"}, "missing_lines": [], "excluded_lines": [], "start_line": 1}}}, "src/utils/__init__.py": {"executed_lines": [], "summary": {"covered_lines": 0, "num_statements": 0, "percent_covered": 100.0, "percent_covered_display": "100", "missing_lines": 0, "excluded_lines": 0, "percent_statements_covered": 100.0, "percent_statements_covered_display": "100"}, "missing_lines": [], "excluded_lines": [], "functions": {"": {"executed_lines": [], "summary": {"covered_lines": 0, "num_statements": 0, "percent_covered": 100.0, "percent_covered_display": "100", "missing_lines": 0, "excluded_lines": 0, "percent_statements_covered": 100.0, "percent_statements_covered_display": "100"}, "missing_lines": [], "excluded_lines": [], "start_line": 1}}, "classes": {"": {"executed_lines": [], "summary": {"covered_lines": 0, "num_statements": 0, "percent_covered": 100.0, "percent_covered_display": "100", "missing_lines": 0, "excluded_lines": 0, "percent_statements_covered": 100.0, "percent_statements_covered_display": "100"}, "missing_lines": [], "excluded_lines": [], "start_line": 1}}}, "src/utils/account_resolver.py": {"executed_lines": [3, 4, 6, 7, 8, 10, 13, 27, 29, 35, 38, 44, 46, 47, 48, 51, 52, 53, 54, 55, 57, 58, 59, 61, 62, 63, 68, 69, 71, 78, 81, 138, 199], "summary": {"covered_lines": 33, "num_statements": 73, "percent_covered": 45.205479452054796, "percent_covered_display": "45", "missing_lines": 40, "excluded_lines": 0, "percent_statements_covered": 45.205479452054796, "percent_statements_covered_display": "45"}, "missing_lines": [91, 115, 116, 117, 118, 119, 120, 121, 123, 124, 126, 154, 155, 161, 163, 169, 171, 172, 173, 176, 177, 178, 179, 180, 182, 183, 185, 186, 187, 192, 214, 215, 216, 218, 219, 221, 222, 225, 227, 233], "excluded_lines": [], "functions": {"resolve_account_id": {"executed_lines": [27, 29, 35, 38, 44, 46, 47, 48, 51, 52, 53, 54, 55, 57, 58, 59, 61, 62, 63, 68, 69, 71, 78], "summary": {"covered_lines": 23, "num_statements": 23, "percent_covered": 100.0, "percent_covered_display": "100", "missing_lines": 0, "excluded_lines": 0, "percent_statements_covered": 100.0, "percent_statements_covered_display": "100"}, "missing_lines": [], "excluded_lines": [], "start_line": 13}, "get_account_stats": {"executed_lines": [], "summary": {"covered_lines": 0, "num_statements": 11, "percent_covered": 0.0, "percent_covered_display": "0", "missing_lines": 11, "excluded_lines": 0, "percent_statements_covered": 0.0, "percent_statements_covered_display": "0"}, "missing_lines": [91, 115, 116, 117, 118, 119, 120, 121, 123, 124, 126], "excluded_lines": [], "start_line": 81}, "find_account_by_name_in_dest": {"executed_lines": [], "summary": {"covered_lines": 0, "num_statements": 19, "percent_covered": 0.0, "percent_covered_display": "0", "missing_lines": 19, "excluded_lines": 0, "percent_statements_covered": 0.0, "percent_statements_covered_display": "0"}, "missing_lines": [154, 155, 161, 163, 169, 171, 172, 173, 176, 177, 178, 179, 180, 182, 183, 185, 186, 187, 192], "excluded_lines": [], "start_line": 138}, "check_account_exists_with_data": {"executed_lines": [], "summary": {"covered_lines": 0, "num_statements": 10, "percent_covered": 0.0, "percent_covered_display": "0", "missing_lines": 10, "excluded_lines": 0, "percent_statements_covered": 0.0, "percent_statements_covered_display": "0"}, "missing_lines": [214, 215, 216, 218, 219, 221, 222, 225, 227, 233], "excluded_lines": [], "start_line": 199}, "": {"executed_lines": [3, 4, 6, 7, 8, 10, 13, 81, 138, 199], "summary": {"covered_lines": 10, "num_statements": 10, "percent_covered": 100.0, "percent_covered_display": "100", "missing_lines": 0, "excluded_lines": 0, "percent_statements_covered": 100.0, "percent_statements_covered_display": "100"}, "missing_lines": [], "excluded_lines": [], "start_line": 1}}, "classes": {"": {"executed_lines": [3, 4, 6, 7, 8, 10, 13, 27, 29, 35, 38, 44, 46, 47, 48, 51, 52, 53, 54, 55, 57, 58, 59, 61, 62, 63, 68, 69, 71, 78, 81, 138, 199], "summary": {"covered_lines": 33, "num_statements": 73, "percent_covered": 45.205479452054796, "percent_covered_display": "45", "missing_lines": 40, "excluded_lines": 0, "percent_statements_covered": 45.205479452054796, "percent_statements_covered_display": "45"}, "missing_lines": [91, 115, 116, 117, 118, 119, 120, 121, 123, 124, 126, 154, 155, 161, 163, 169, 171, 172, 173, 176, 177, 178, 179, 180, 182, 183, 185, 186, 187, 192, 214, 215, 216, 218, 219, 221, 222, 225, 227, 233], "excluded_lines": [], "start_line": 1}}}, "src/utils/env_guard.py": {"executed_lines": [17, 19, 24, 26, 41, 52, 53, 54, 56, 57, 58, 60, 61, 62, 63, 64, 66, 67, 76], "summary": {"covered_lines": 19, "num_statements": 19, "percent_covered": 100.0, "percent_covered_display": "100", "missing_lines": 0, "excluded_lines": 0, "percent_statements_covered": 100.0, "percent_statements_covered_display": "100"}, "missing_lines": [], "excluded_lines": [], "functions": {"assert_dev_only_env": {"executed_lines": [52, 53, 54, 56, 57, 58, 60, 61, 62, 63, 64, 66, 67, 76], "summary": {"covered_lines": 14, "num_statements": 14, "percent_covered": 100.0, "percent_covered_display": "100", "missing_lines": 0, "excluded_lines": 0, "percent_statements_covered": 100.0, "percent_statements_covered_display": "100"}, "missing_lines": [], "excluded_lines": [], "start_line": 41}, "": {"executed_lines": [17, 19, 24, 26, 41], "summary": {"covered_lines": 5, "num_statements": 5, "percent_covered": 100.0, "percent_covered_display": "100", "missing_lines": 0, "excluded_lines": 0, "percent_statements_covered": 100.0, "percent_statements_covered_display": "100"}, "missing_lines": [], "excluded_lines": [], "start_line": 1}}, "classes": {"": {"executed_lines": [17, 19, 24, 26, 41, 52, 53, 54, 56, 57, 58, 60, 61, 62, 63, 64, 66, 67, 76], "summary": {"covered_lines": 19, "num_statements": 19, "percent_covered": 100.0, "percent_covered_display": "100", "missing_lines": 0, "excluded_lines": 0, "percent_statements_covered": 100.0, "percent_statements_covered_display": "100"}, "missing_lines": [], "excluded_lines": [], "start_line": 1}}}, "src/utils/fk_validator.py": {"executed_lines": [34, 36, 37, 39, 40, 42, 48, 88, 89, 96, 98, 99, 105, 107, 108, 114, 117, 128, 152, 154, 155, 156, 157, 158, 159, 160, 161, 162, 163, 172, 173, 174, 175, 177, 178, 179, 180, 182, 187], "summary": {"covered_lines": 39, "num_statements": 39, "percent_covered": 100.0, "percent_covered_display": "100", "missing_lines": 0, "excluded_lines": 0, "percent_statements_covered": 100.0, "percent_statements_covered_display": "100"}, "missing_lines": [], "excluded_lines": [], "functions": {"ValidationReport.is_clean": {"executed_lines": [105], "summary": {"covered_lines": 1, "num_statements": 1, "percent_covered": 100.0, "percent_covered_display": "100", "missing_lines": 0, "excluded_lines": 0, "percent_statements_covered": 100.0, "percent_statements_covered_display": "100"}, "missing_lines": [], "excluded_lines": [], "start_line": 99}, "ValidationReport.total_orphans": {"executed_lines": [114], "summary": {"covered_lines": 1, "num_statements": 1, "percent_covered": 100.0, "percent_covered_display": "100", "missing_lines": 0, "excluded_lines": 0, "percent_statements_covered": 100.0, "percent_statements_covered_display": "100"}, "missing_lines": [], "excluded_lines": [], "start_line": 108}, "FKValidator.validate": {"executed_lines": [152, 154, 155, 156, 157, 158, 159, 160, 161, 162, 163, 172, 173, 174, 175, 177, 178, 179, 180, 182, 187], "summary": {"covered_lines": 21, "num_statements": 21, "percent_covered": 100.0, "percent_covered_display": "100", "missing_lines": 0, "excluded_lines": 0, "percent_statements_covered": 100.0, "percent_statements_covered_display": "100"}, "missing_lines": [], "excluded_lines": [], "start_line": 128}, "": {"executed_lines": [34, 36, 37, 39, 40, 42, 48, 88, 89, 96, 98, 99, 107, 108, 117, 128], "summary": {"covered_lines": 16, "num_statements": 16, "percent_covered": 100.0, "percent_covered_display": "100", "missing_lines": 0, "excluded_lines": 0, "percent_statements_covered": 100.0, "percent_statements_covered_display": "100"}, "missing_lines": [], "excluded_lines": [], "start_line": 1}}, "classes": {"ValidationReport": {"executed_lines": [105, 114], "summary": {"covered_lines": 2, "num_statements": 2, "percent_covered": 100.0, "percent_covered_display": "100", "missing_lines": 0, "excluded_lines": 0, "percent_statements_covered": 100.0, "percent_statements_covered_display": "100"}, "missing_lines": [], "excluded_lines": [], "start_line": 89}, "FKValidator": {"executed_lines": [152, 154, 155, 156, 157, 158, 159, 160, 161, 162, 163, 172, 173, 174, 175, 177, 178, 179, 180, 182, 187], "summary": {"covered_lines": 21, "num_statements": 21, "percent_covered": 100.0, "percent_covered_display": "100", "missing_lines": 0, "excluded_lines": 0, "percent_statements_covered": 100.0, "percent_statements_covered_display": "100"}, "missing_lines": [], "excluded_lines": [], "start_line": 117}, "": {"executed_lines": [34, 36, 37, 39, 40, 42, 48, 88, 89, 96, 98, 99, 107, 108, 117, 128], "summary": {"covered_lines": 16, "num_statements": 16, "percent_covered": 100.0, "percent_covered_display": "100", "missing_lines": 0, "excluded_lines": 0, "percent_statements_covered": 100.0, "percent_statements_covered_display": "100"}, "missing_lines": [], "excluded_lines": [], "start_line": 1}}}, "src/utils/id_remapper.py": {"executed_lines": [24, 26, 27, 28, 31, 45, 51, 54, 56, 57, 63, 65, 79, 80, 81, 82, 83, 84, 87, 88, 89, 90, 93, 94, 95, 97, 119, 120, 121, 122, 123, 124, 126, 148, 150, 170, 171], "summary": {"covered_lines": 37, "num_statements": 38, "percent_covered": 97.36842105263158, "percent_covered_display": "97", "missing_lines": 1, "excluded_lines": 1, "percent_statements_covered": 97.36842105263158, "percent_statements_covered_display": "97"}, "missing_lines": [91], "excluded_lines": [1], "functions": {"IDRemapper.__init__": {"executed_lines": [51, 54], "summary": {"covered_lines": 2, "num_statements": 2, "percent_covered": 100.0, "percent_covered_display": "100", "missing_lines": 0, "excluded_lines": 0, "percent_statements_covered": 100.0, "percent_statements_covered_display": "100"}, "missing_lines": [], "excluded_lines": [], "start_line": 45}, "IDRemapper.offsets": {"executed_lines": [63], "summary": {"covered_lines": 1, "num_statements": 1, "percent_covered": 100.0, "percent_covered_display": "100", "missing_lines": 0, "excluded_lines": 0, "percent_statements_covered": 100.0, "percent_statements_covered_display": "100"}, "missing_lines": [], "excluded_lines": [], "start_line": 57}, "IDRemapper.compute_offsets": {"executed_lines": [79, 80, 81, 82, 83, 84, 87, 88, 89, 90, 93, 94, 95], "summary": {"covered_lines": 13, "num_statements": 14, "percent_covered": 92.85714285714286, "percent_covered_display": "93", "missing_lines": 1, "excluded_lines": 0, "percent_statements_covered": 92.85714285714286, "percent_statements_covered_display": "93"}, "missing_lines": [91], "excluded_lines": [], "start_line": 65}, "IDRemapper.remap": {"executed_lines": [119, 120, 121, 122, 123, 124], "summary": {"covered_lines": 6, "num_statements": 6, "percent_covered": 100.0, "percent_covered_display": "100", "missing_lines": 0, "excluded_lines": 0, "percent_statements_covered": 100.0, "percent_statements_covered_display": "100"}, "missing_lines": [], "excluded_lines": [], "start_line": 97}, "IDRemapper.register_alias": {"executed_lines": [148], "summary": {"covered_lines": 1, "num_statements": 1, "percent_covered": 100.0, "percent_covered_display": "100", "missing_lines": 0, "excluded_lines": 0, "percent_statements_covered": 100.0, "percent_statements_covered_display": "100"}, "missing_lines": [], "excluded_lines": [], "start_line": 126}, "IDRemapper.has_alias": {"executed_lines": [170, 171], "summary": {"covered_lines": 2, "num_statements": 2, "percent_covered": 100.0, "percent_covered_display": "100", "missing_lines": 0, "excluded_lines": 0, "percent_statements_covered": 100.0, "percent_statements_covered_display": "100"}, "missing_lines": [], "excluded_lines": [], "start_line": 150}, "": {"executed_lines": [24, 26, 27, 28, 31, 45, 56, 57, 65, 97, 126, 150], "summary": {"covered_lines": 12, "num_statements": 12, "percent_covered": 100.0, "percent_covered_display": "100", "missing_lines": 0, "excluded_lines": 1, "percent_statements_covered": 100.0, "percent_statements_covered_display": "100"}, "missing_lines": [], "excluded_lines": [1], "start_line": 1}}, "classes": {"IDRemapper": {"executed_lines": [51, 54, 63, 79, 80, 81, 82, 83, 84, 87, 88, 89, 90, 93, 94, 95, 119, 120, 121, 122, 123, 124, 148, 170, 171], "summary": {"covered_lines": 25, "num_statements": 26, "percent_covered": 96.15384615384616, "percent_covered_display": "96", "missing_lines": 1, "excluded_lines": 0, "percent_statements_covered": 96.15384615384616, "percent_statements_covered_display": "96"}, "missing_lines": [91], "excluded_lines": [], "start_line": 31}, "": {"executed_lines": [24, 26, 27, 28, 31, 45, 56, 57, 65, 97, 126, 150], "summary": {"covered_lines": 12, "num_statements": 12, "percent_covered": 100.0, "percent_covered_display": "100", "missing_lines": 0, "excluded_lines": 1, "percent_statements_covered": 100.0, "percent_statements_covered_display": "100"}, "missing_lines": [], "excluded_lines": [1], "start_line": 1}}}, "src/utils/log_masker.py": {"executed_lines": [21, 23, 24, 25, 26, 32, 50, 55, 60, 76, 77, 78, 79, 80, 81, 82, 85, 98, 99, 100, 103, 120, 121, 122, 123, 124, 127, 130, 150, 156, 157, 159, 160, 161, 163, 173, 176, 177, 178, 179, 180, 181, 182, 183], "summary": {"covered_lines": 44, "num_statements": 46, "percent_covered": 95.65217391304348, "percent_covered_display": "96", "missing_lines": 2, "excluded_lines": 0, "percent_statements_covered": 95.65217391304348, "percent_statements_covered_display": "96"}, "missing_lines": [125, 126], "excluded_lines": [], "functions": {"_mask_jsonb": {"executed_lines": [76, 77, 78, 79, 80, 81, 82], "summary": {"covered_lines": 7, "num_statements": 7, "percent_covered": 100.0, "percent_covered_display": "100", "missing_lines": 0, "excluded_lines": 0, "percent_statements_covered": 100.0, "percent_statements_covered_display": "100"}, "missing_lines": [], "excluded_lines": [], "start_line": 60}, "_mask_string": {"executed_lines": [98, 99, 100], "summary": {"covered_lines": 3, "num_statements": 3, "percent_covered": 100.0, "percent_covered_display": "100", "missing_lines": 0, "excluded_lines": 0, "percent_statements_covered": 100.0, "percent_statements_covered_display": "100"}, "missing_lines": [], "excluded_lines": [], "start_line": 85}, "mask_message": {"executed_lines": [120, 121, 122, 123, 124, 127], "summary": {"covered_lines": 6, "num_statements": 8, "percent_covered": 75.0, "percent_covered_display": "75", "missing_lines": 2, "excluded_lines": 0, "percent_statements_covered": 75.0, "percent_statements_covered_display": "75"}, "missing_lines": [125, 126], "excluded_lines": [], "start_line": 103}, "MaskingHandler.__init__": {"executed_lines": [156, 157, 159, 160, 161], "summary": {"covered_lines": 5, "num_statements": 5, "percent_covered": 100.0, "percent_covered_display": "100", "missing_lines": 0, "excluded_lines": 0, "percent_statements_covered": 100.0, "percent_statements_covered_display": "100"}, "missing_lines": [], "excluded_lines": [], "start_line": 150}, "MaskingHandler.emit": {"executed_lines": [173, 176, 177, 178, 179, 180, 181, 182, 183], "summary": {"covered_lines": 9, "num_statements": 9, "percent_covered": 100.0, "percent_covered_display": "100", "missing_lines": 0, "excluded_lines": 0, "percent_statements_covered": 100.0, "percent_statements_covered_display": "100"}, "missing_lines": [], "excluded_lines": [], "start_line": 163}, "": {"executed_lines": [21, 23, 24, 25, 26, 32, 50, 55, 60, 85, 103, 130, 150, 163], "summary": {"covered_lines": 14, "num_statements": 14, "percent_covered": 100.0, "percent_covered_display": "100", "missing_lines": 0, "excluded_lines": 0, "percent_statements_covered": 100.0, "percent_statements_covered_display": "100"}, "missing_lines": [], "excluded_lines": [], "start_line": 1}}, "classes": {"MaskingHandler": {"executed_lines": [156, 157, 159, 160, 161, 173, 176, 177, 178, 179, 180, 181, 182, 183], "summary": {"covered_lines": 14, "num_statements": 14, "percent_covered": 100.0, "percent_covered_display": "100", "missing_lines": 0, "excluded_lines": 0, "percent_statements_covered": 100.0, "percent_statements_covered_display": "100"}, "missing_lines": [], "excluded_lines": [], "start_line": 130}, "": {"executed_lines": [21, 23, 24, 25, 26, 32, 50, 55, 60, 76, 77, 78, 79, 80, 81, 82, 85, 98, 99, 100, 103, 120, 121, 122, 123, 124, 127, 130, 150, 163], "summary": {"covered_lines": 30, "num_statements": 32, "percent_covered": 93.75, "percent_covered_display": "94", "missing_lines": 2, "excluded_lines": 0, "percent_statements_covered": 93.75, "percent_statements_covered_display": "94"}, "missing_lines": [125, 126], "excluded_lines": [], "start_line": 1}}}, "src/utils/schema_bootstrap.py": {"executed_lines": [9, 11, 13, 14, 17, 34, 35, 36, 38, 39, 40, 42, 43, 49, 50, 51, 53, 54, 57, 74, 75, 76, 78, 79, 81, 82, 83, 84, 85, 91, 92, 93, 94, 95, 96, 98, 102, 103, 104, 105, 106, 107, 109, 110], "summary": {"covered_lines": 44, "num_statements": 44, "percent_covered": 100.0, "percent_covered_display": "100", "missing_lines": 0, "excluded_lines": 0, "percent_statements_covered": 100.0, "percent_statements_covered_display": "100"}, "missing_lines": [], "excluded_lines": [], "functions": {"bootstrap_public_schema": {"executed_lines": [34, 35, 36, 38, 39, 40, 42, 43, 49, 50, 51, 53, 54], "summary": {"covered_lines": 13, "num_statements": 13, "percent_covered": 100.0, "percent_covered_display": "100", "missing_lines": 0, "excluded_lines": 0, "percent_statements_covered": 100.0, "percent_statements_covered_display": "100"}, "missing_lines": [], "excluded_lines": [], "start_line": 17}, "ensure_public_table_exists": {"executed_lines": [74, 75, 76, 78, 79, 81, 98, 102, 103, 104, 105, 106, 107, 109, 110], "summary": {"covered_lines": 15, "num_statements": 15, "percent_covered": 100.0, "percent_covered_display": "100", "missing_lines": 0, "excluded_lines": 0, "percent_statements_covered": 100.0, "percent_statements_covered_display": "100"}, "missing_lines": [], "excluded_lines": [], "start_line": 57}, "ensure_public_table_exists._collect_public_dependencies": {"executed_lines": [82, 83, 84, 85, 91, 92, 93, 94, 95, 96], "summary": {"covered_lines": 10, "num_statements": 10, "percent_covered": 100.0, "percent_covered_display": "100", "missing_lines": 0, "excluded_lines": 0, "percent_statements_covered": 100.0, "percent_statements_covered_display": "100"}, "missing_lines": [], "excluded_lines": [], "start_line": 81}, "": {"executed_lines": [9, 11, 13, 14, 17, 57], "summary": {"covered_lines": 6, "num_statements": 6, "percent_covered": 100.0, "percent_covered_display": "100", "missing_lines": 0, "excluded_lines": 0, "percent_statements_covered": 100.0, "percent_statements_covered_display": "100"}, "missing_lines": [], "excluded_lines": [], "start_line": 1}}, "classes": {"": {"executed_lines": [9, 11, 13, 14, 17, 34, 35, 36, 38, 39, 40, 42, 43, 49, 50, 51, 53, 54, 57, 74, 75, 76, 78, 79, 81, 82, 83, 84, 85, 91, 92, 93, 94, 95, 96, 98, 102, 103, 104, 105, 106, 107, 109, 110], "summary": {"covered_lines": 44, "num_statements": 44, "percent_covered": 100.0, "percent_covered_display": "100", "missing_lines": 0, "excluded_lines": 0, "percent_statements_covered": 100.0, "percent_statements_covered_display": "100"}, "missing_lines": [], "excluded_lines": [], "start_line": 1}}}}, "totals": {"covered_lines": 1481, "num_statements": 2161, "percent_covered": 68.53308653401203, "percent_covered_display": "69", "missing_lines": 680, "excluded_lines": 2, "percent_statements_covered": 68.53308653401203, "percent_statements_covered_display": "69"}}